#
# There is insufficient memory for the Java Runtime Environment to continue.
# Native memory allocation (mmap) failed to map 71303168 bytes for committing reserved memory.
# Possible reasons:
#   The system is out of physical RAM or swap space
#   The process is running with CompressedOops enabled, and the Java Heap may be blocking the growth of the native heap
# Possible solutions:
#   Reduce memory load on the system
#   Increase physical memory or swap space
#   Check if swap backing store is full
#   Decrease Java heap size (-Xmx/-Xms)
#   Decrease number of Java threads
#   Decrease Java thread stack sizes (-Xss)
#   Set larger code cache with -XX:ReservedCodeCacheSize=
#   JVM is running with Unscaled Compressed Oops mode in which the Java heap is
#     placed in the first 4GB address space. The Java Heap base address is the
#     maximum limit for the native heap growth. Please use -XX:HeapBaseMinAddress
#     to set the Java Heap base and to place the Java Heap above 4GB virtual address.
# This output file may be truncated or incomplete.
#
#  Out of Memory Error (os_linux.cpp:2757), pid=28047, tid=0x00007fdffdbe1700
#
# JRE version: OpenJDK Runtime Environment (8.0_232-b09) (build 1.8.0_232-8u232-b09-0ubuntu1~16.04.1-b09)
# Java VM: OpenJDK 64-Bit Server VM (25.232-b09 mixed mode linux-amd64 compressed oops)
# Failed to write core dump. Core dumps have been disabled. To enable core dumping, try "ulimit -c unlimited" before starting Java again
#

---------------  T H R E A D  ---------------

Current thread (0x00007fe010074000):  VMThread [stack: 0x00007fdffdae1000,0x00007fdffdbe2000] [id=28062]

Stack: [0x00007fdffdae1000,0x00007fdffdbe2000],  sp=0x00007fdffdbe0490,  free space=1021k
Native frames: (J=compiled Java code, j=interpreted, Vv=VM code, C=native code)
V  [libjvm.so+0xa7957b]
V  [libjvm.so+0x4cc33c]
V  [libjvm.so+0x8c7e18]
V  [libjvm.so+0x8bf45e]
V  [libjvm.so+0x93d176]
V  [libjvm.so+0x93e4a3]
V  [libjvm.so+0x93ab84]
V  [libjvm.so+0x9339d9]
V  [libjvm.so+0x44ecd3]
V  [libjvm.so+0xa7ab19]
V  [libjvm.so+0xa80287]
V  [libjvm.so+0xa7dae7]
V  [libjvm.so+0xa7edcf]
V  [libjvm.so+0xa7f2f2]
V  [libjvm.so+0x8c5172]

VM_Operation (0x00007fe016e28980): CollectForMetadataAllocation, mode: safepoint, requested by thread 0x00007fe01000a800


---------------  P R O C E S S  ---------------

Java Threads: ( => current thread )
  0x00007fe0100d4800 JavaThread "Service Thread" daemon [_thread_blocked, id=28068, stack(0x00007fdffcb1c000,0x00007fdffcc1d000)]
  0x00007fe0100b7800 JavaThread "C1 CompilerThread1" daemon [_thread_blocked, id=28067, stack(0x00007fdffcc1d000,0x00007fdffcd1e000)]
  0x00007fe0100b4800 JavaThread "C2 CompilerThread0" daemon [_thread_blocked, id=28066, stack(0x00007fdffcd1e000,0x00007fdffce1f000)]
  0x00007fe0100b3000 JavaThread "Signal Dispatcher" daemon [_thread_blocked, id=28065, stack(0x00007fdffce1f000,0x00007fdffcf20000)]
  0x00007fe010080800 JavaThread "Finalizer" daemon [_thread_blocked, id=28064, stack(0x00007fdffd8df000,0x00007fdffd9e0000)]
  0x00007fe01007e000 JavaThread "Reference Handler" daemon [_thread_blocked, id=28063, stack(0x00007fdffd9e0000,0x00007fdffdae1000)]
  0x00007fe01000a800 JavaThread "main" [_thread_blocked, id=28059, stack(0x00007fe016d30000,0x00007fe016e31000)]

Other Threads:
=>0x00007fe010074000 VMThread [stack: 0x00007fdffdae1000,0x00007fdffdbe2000] [id=28062]
  0x00007fe0100d6800 WatcherThread [stack: 0x00007fdffca1b000,0x00007fdffcb1c000] [id=28069]

VM state:at safepoint (normal execution)

VM Mutex/Monitor currently owned by a thread:  ([mutex/lock_event])
[0x00007fe010006fe0] Threads_lock - owner thread: 0x00007fe010074000
[0x00007fe0100074e0] Heap_lock - owner thread: 0x00007fe01000a800

heap address: 0x00000000e0e00000, size: 498 MB, Compressed Oops mode: 32-bit
Narrow klass base: 0x0000000000000000, Narrow klass shift: 3
Compressed class space size: 1073741824 Address: 0x0000000100000000

Heap:
 PSYoungGen      total 76288K, used 5676K [0x00000000f5a00000, 0x00000000fac00000, 0x0000000100000000)
  eden space 69120K, 0% used [0x00000000f5a00000,0x00000000f5a00000,0x00000000f9d80000)
  from space 7168K, 79% used [0x00000000f9d80000,0x00000000fa30b390,0x00000000fa480000)
  to   space 6656K, 0% used [0x00000000fa480000,0x00000000fa480000,0x00000000fab00000)
 ParOldGen       total 22016K, used 11943K [0x00000000e0e00000, 0x00000000e2380000, 0x00000000f5a00000)
  object space 22016K, 54% used [0x00000000e0e00000,0x00000000e19a9cf0,0x00000000e2380000)
 Metaspace       used 21023K, capacity 21194K, committed 21296K, reserved 1067008K
  class space    used 2830K, capacity 2899K, committed 2944K, reserved 1048576K

Card table byte_map: [0x00007fe0140e7000,0x00007fe0141e1000] byte_map_base: 0x00007fe0139e0000

Marking Bits: (ParMarkBitMap*) 0x00007fe015ffd560
 Begin Bits: [0x00007fdfff065000, 0x00007fdfff82d000)
 End Bits:   [0x00007fdfff82d000, 0x00007fdfffff5000)

Polling page: 0x00007fe016e51000

CodeCache: size=245760Kb used=6224Kb max_used=6224Kb free=239535Kb
 bounds [0x00007fe0005b7000, 0x00007fe000bd7000, 0x00007fe00f5b7000]
 total_blobs=2135 nmethods=1534 adapters=515
 compilation: enabled

Compilation events (10 events):
Event: 2.671 Thread 0x00007fe0100b7800 1542       3       java.util.Formatter$FormatSpecifier::conversion (94 bytes)
Event: 2.672 Thread 0x00007fe0100b7800 nmethod 1542 0x00007fe000bc7450 code [0x00007fe000bc76e0, 0x00007fe000bc8508]
Event: 2.672 Thread 0x00007fe0100b7800 1539       3       java.util.Formatter$Conversion::isValid (47 bytes)
Event: 2.672 Thread 0x00007fe0100b7800 nmethod 1539 0x00007fe000bc9150 code [0x00007fe000bc9300, 0x00007fe000bc9748]
Event: 2.672 Thread 0x00007fe0100b7800 1540       3       java.util.Formatter$FormatSpecifier::print (243 bytes)
Event: 2.672 Thread 0x00007fe0100b7800 nmethod 1540 0x00007fe000bc9850 code [0x00007fe000bc9aa0, 0x00007fe000bca368]
Event: 2.672 Thread 0x00007fe0100b7800 1541       3       java.util.Formatter$FormatSpecifier::printString (105 bytes)
Event: 2.673 Thread 0x00007fe0100b7800 nmethod 1541 0x00007fe000bca710 code [0x00007fe000bca9e0, 0x00007fe000bcbd98]
Event: 2.676 Thread 0x00007fe0100b7800 1543       3       org.gradle.internal.reflect.JavaReflectionUtil::getAnnotation (103 bytes)
Event: 2.677 Thread 0x00007fe0100b7800 nmethod 1543 0x00007fe000bcc8d0 code [0x00007fe000bccb40, 0x00007fe000bcda58]

GC Heap History (10 events):
Event: 0.573 GC heap after
Heap after GC invocations=2 (full 0):
 PSYoungGen      total 18432K, used 1013K [0x00000000f5a00000, 0x00000000f6d00000, 0x0000000100000000)
  eden space 17408K, 0% used [0x00000000f5a00000,0x00000000f5a00000,0x00000000f6b00000)
  from space 1024K, 99% used [0x00000000f6c00000,0x00000000f6cfd780,0x00000000f6d00000)
  to   space 1024K, 0% used [0x00000000f6b00000,0x00000000f6b00000,0x00000000f6c00000)
 ParOldGen       total 22016K, used 2087K [0x00000000e0e00000, 0x00000000e2380000, 0x00000000f5a00000)
  object space 22016K, 9% used [0x00000000e0e00000,0x00000000e1009fe8,0x00000000e2380000)
 Metaspace       used 6277K, capacity 6456K, committed 6528K, reserved 1056768K
  class space    used 784K, capacity 856K, committed 896K, reserved 1048576K
}
Event: 0.822 GC heap before
{Heap before GC invocations=3 (full 0):
 PSYoungGen      total 18432K, used 18421K [0x00000000f5a00000, 0x00000000f6d00000, 0x0000000100000000)
  eden space 17408K, 100% used [0x00000000f5a00000,0x00000000f6b00000,0x00000000f6b00000)
  from space 1024K, 99% used [0x00000000f6c00000,0x00000000f6cfd780,0x00000000f6d00000)
  to   space 1024K, 0% used [0x00000000f6b00000,0x00000000f6b00000,0x00000000f6c00000)
 ParOldGen       total 22016K, used 2087K [0x00000000e0e00000, 0x00000000e2380000, 0x00000000f5a00000)
  object space 22016K, 9% used [0x00000000e0e00000,0x00000000e1009fe8,0x00000000e2380000)
 Metaspace       used 7246K, capacity 7488K, committed 7680K, reserved 1056768K
  class space    used 927K, capacity 1024K, committed 1024K, reserved 1048576K
Event: 0.833 GC heap after
Heap after GC invocations=3 (full 0):
 PSYoungGen      total 18432K, used 1008K [0x00000000f5a00000, 0x00000000f7e00000, 0x0000000100000000)
  eden space 17408K, 0% used [0x00000000f5a00000,0x00000000f5a00000,0x00000000f6b00000)
  from space 1024K, 98% used [0x00000000f6b00000,0x00000000f6bfc010,0x00000000f6c00000)
  to   space 1024K, 0% used [0x00000000f7d00000,0x00000000f7d00000,0x00000000f7e00000)
 ParOldGen       total 22016K, used 4187K [0x00000000e0e00000, 0x00000000e2380000, 0x00000000f5a00000)
  object space 22016K, 19% used [0x00000000e0e00000,0x00000000e1216dc8,0x00000000e2380000)
 Metaspace       used 7246K, capacity 7488K, committed 7680K, reserved 1056768K
  class space    used 927K, capacity 1024K, committed 1024K, reserved 1048576K
}
Event: 1.008 GC heap before
{Heap before GC invocations=4 (full 0):
 PSYoungGen      total 18432K, used 18416K [0x00000000f5a00000, 0x00000000f7e00000, 0x0000000100000000)
  eden space 17408K, 100% used [0x00000000f5a00000,0x00000000f6b00000,0x00000000f6b00000)
  from space 1024K, 98% used [0x00000000f6b00000,0x00000000f6bfc010,0x00000000f6c00000)
  to   space 1024K, 0% used [0x00000000f7d00000,0x00000000f7d00000,0x00000000f7e00000)
 ParOldGen       total 22016K, used 4187K [0x00000000e0e00000, 0x00000000e2380000, 0x00000000f5a00000)
  object space 22016K, 19% used [0x00000000e0e00000,0x00000000e1216dc8,0x00000000e2380000)
 Metaspace       used 9274K, capacity 9504K, committed 9600K, reserved 1056768K
  class space    used 1239K, capacity 1312K, committed 1408K, reserved 1048576K
Event: 1.010 GC heap after
Heap after GC invocations=4 (full 0):
 PSYoungGen      total 35840K, used 1008K [0x00000000f5a00000, 0x00000000f7e00000, 0x0000000100000000)
  eden space 34816K, 0% used [0x00000000f5a00000,0x00000000f5a00000,0x00000000f7c00000)
  from space 1024K, 98% used [0x00000000f7d00000,0x00000000f7dfc010,0x00000000f7e00000)
  to   space 1024K, 0% used [0x00000000f7c00000,0x00000000f7c00000,0x00000000f7d00000)
 ParOldGen       total 22016K, used 6042K [0x00000000e0e00000, 0x00000000e2380000, 0x00000000f5a00000)
  object space 22016K, 27% used [0x00000000e0e00000,0x00000000e13e6b38,0x00000000e2380000)
 Metaspace       used 9274K, capacity 9504K, committed 9600K, reserved 1056768K
  class space    used 1239K, capacity 1312K, committed 1408K, reserved 1048576K
}
Event: 1.490 GC heap before
{Heap before GC invocations=5 (full 0):
 PSYoungGen      total 35840K, used 35824K [0x00000000f5a00000, 0x00000000f7e00000, 0x0000000100000000)
  eden space 34816K, 100% used [0x00000000f5a00000,0x00000000f7c00000,0x00000000f7c00000)
  from space 1024K, 98% used [0x00000000f7d00000,0x00000000f7dfc010,0x00000000f7e00000)
  to   space 1024K, 0% used [0x00000000f7c00000,0x00000000f7c00000,0x00000000f7d00000)
 ParOldGen       total 22016K, used 6042K [0x00000000e0e00000, 0x00000000e2380000, 0x00000000f5a00000)
  object space 22016K, 27% used [0x00000000e0e00000,0x00000000e13e6b38,0x00000000e2380000)
 Metaspace       used 15432K, capacity 15686K, committed 16000K, reserved 1062912K
  class space    used 2063K, capacity 2113K, committed 2176K, reserved 1048576K
Event: 1.508 GC heap after
Heap after GC invocations=5 (full 0):
 PSYoungGen      total 35840K, used 1008K [0x00000000f5a00000, 0x00000000fab00000, 0x0000000100000000)
  eden space 34816K, 0% used [0x00000000f5a00000,0x00000000f5a00000,0x00000000f7c00000)
  from space 1024K, 98% used [0x00000000f7c00000,0x00000000f7cfc030,0x00000000f7d00000)
  to   space 6656K, 0% used [0x00000000fa480000,0x00000000fa480000,0x00000000fab00000)
 ParOldGen       total 22016K, used 11655K [0x00000000e0e00000, 0x00000000e2380000, 0x00000000f5a00000)
  object space 22016K, 52% used [0x00000000e0e00000,0x00000000e1961cb0,0x00000000e2380000)
 Metaspace       used 15432K, capacity 15686K, committed 16000K, reserved 1062912K
  class space    used 2063K, capacity 2113K, committed 2176K, reserved 1048576K
}
Event: 2.007 GC heap before
{Heap before GC invocations=6 (full 0):
 PSYoungGen      total 35840K, used 35824K [0x00000000f5a00000, 0x00000000fab00000, 0x0000000100000000)
  eden space 34816K, 100% used [0x00000000f5a00000,0x00000000f7c00000,0x00000000f7c00000)
  from space 1024K, 98% used [0x00000000f7c00000,0x00000000f7cfc030,0x00000000f7d00000)
  to   space 6656K, 0% used [0x00000000fa480000,0x00000000fa480000,0x00000000fab00000)
 ParOldGen       total 22016K, used 11655K [0x00000000e0e00000, 0x00000000e2380000, 0x00000000f5a00000)
  object space 22016K, 52% used [0x00000000e0e00000,0x00000000e1961cb0,0x00000000e2380000)
 Metaspace       used 18279K, capacity 18492K, committed 18688K, reserved 1064960K
  class space    used 2485K, capacity 2535K, committed 2560K, reserved 1048576K
Event: 2.019 GC heap after
Heap after GC invocations=6 (full 0):
 PSYoungGen      total 75776K, used 5589K [0x00000000f5a00000, 0x00000000fac00000, 0x0000000100000000)
  eden space 69120K, 0% used [0x00000000f5a00000,0x00000000f5a00000,0x00000000f9d80000)
  from space 6656K, 83% used [0x00000000fa480000,0x00000000fa9f5780,0x00000000fab00000)
  to   space 7168K, 0% used [0x00000000f9d80000,0x00000000f9d80000,0x00000000fa480000)
 ParOldGen       total 22016K, used 11655K [0x00000000e0e00000, 0x00000000e2380000, 0x00000000f5a00000)
  object space 22016K, 52% used [0x00000000e0e00000,0x00000000e1961cb0,0x00000000e2380000)
 Metaspace       used 18279K, capacity 18492K, committed 18688K, reserved 1064960K
  class space    used 2485K, capacity 2535K, committed 2560K, reserved 1048576K
}
Event: 2.679 GC heap before
{Heap before GC invocations=7 (full 0):
 PSYoungGen      total 75776K, used 38916K [0x00000000f5a00000, 0x00000000fac00000, 0x0000000100000000)
  eden space 69120K, 48% used [0x00000000f5a00000,0x00000000f7a8bb00,0x00000000f9d80000)
  from space 6656K, 83% used [0x00000000fa480000,0x00000000fa9f5780,0x00000000fab00000)
  to   space 7168K, 0% used [0x00000000f9d80000,0x00000000f9d80000,0x00000000fa480000)
 ParOldGen       total 22016K, used 11655K [0x00000000e0e00000, 0x00000000e2380000, 0x00000000f5a00000)
  object space 22016K, 52% used [0x00000000e0e00000,0x00000000e1961cb0,0x00000000e2380000)
 Metaspace       used 21023K, capacity 21194K, committed 21296K, reserved 1067008K
  class space    used 2830K, capacity 2899K, committed 2944K, reserved 1048576K

Deoptimization events (10 events):
Event: 1.597 Thread 0x00007fe01000a800 Uncommon trap: reason=unstable_if action=reinterpret pc=0x00007fe000803f5c method=java.io.UnixFileSystem.normalize(Ljava/lang/String;)Ljava/lang/String; @ 60
Event: 1.597 Thread 0x00007fe01000a800 Uncommon trap: reason=class_check action=maybe_recompile pc=0x00007fe00092d9fc method=sun.misc.URLClassPath.getLoader(I)Lsun/misc/URLClassPath$Loader; @ 94
Event: 1.597 Thread 0x00007fe01000a800 Uncommon trap: reason=class_check action=maybe_recompile pc=0x00007fe0008af7ec method=sun.misc.URLClassPath.getResource(Ljava/lang/String;Z)Lsun/misc/Resource; @ 62
Event: 1.597 Thread 0x00007fe01000a800 Uncommon trap: reason=unstable_if action=reinterpret pc=0x00007fe0008d4200 method=sun.net.www.ParseUtil.encodePath(Ljava/lang/String;Z)Ljava/lang/String; @ 109
Event: 1.604 Thread 0x00007fe01000a800 Uncommon trap: reason=bimorphic action=maybe_recompile pc=0x00007fe000988ed4 method=java.lang.ClassLoader.loadClass(Ljava/lang/String;Z)Ljava/lang/Class; @ 38
Event: 1.604 Thread 0x00007fe01000a800 Uncommon trap: reason=bimorphic action=maybe_recompile pc=0x00007fe000988ed4 method=java.lang.ClassLoader.loadClass(Ljava/lang/String;Z)Ljava/lang/Class; @ 38
Event: 1.614 Thread 0x00007fe01000a800 Uncommon trap: reason=class_check action=maybe_recompile pc=0x00007fe00092db24 method=sun.misc.URLClassPath.getLoader(I)Lsun/misc/URLClassPath$Loader; @ 239
Event: 1.620 Thread 0x00007fe01000a800 Uncommon trap: reason=class_check action=maybe_recompile pc=0x00007fe00092db24 method=sun.misc.URLClassPath.getLoader(I)Lsun/misc/URLClassPath$Loader; @ 239
Event: 2.226 Thread 0x00007fe01000a800 Uncommon trap: reason=class_check action=maybe_recompile pc=0x00007fe00092d9fc method=sun.misc.URLClassPath.getLoader(I)Lsun/misc/URLClassPath$Loader; @ 94
Event: 2.498 Thread 0x00007fe01000a800 Uncommon trap: reason=unstable_if action=reinterpret pc=0x00007fe00083633c method=java.io.UnixFileSystem.resolve(Ljava/lang/String;Ljava/lang/String;)Ljava/lang/String; @ 18

Classes redefined (0 events):
No events

Internal exceptions (10 events):
Event: 2.234 Thread 0x00007fe01000a800 Exception <a 'java/lang/ClassNotFoundException': build_6zqfaj3kue15bqg6nd0b24jvqBeanInfo> (0x00000000f65b21c8) thrown at [/build/openjdk-8-0nmX93/openjdk-8-8u232-b09/src/hotspot/src/share/vm/classfile/systemDictionary.cpp, line 210]
Event: 2.235 Thread 0x00007fe01000a800 Exception <a 'java/lang/ClassNotFoundException': org/gradle/api/internal/project/ProjectScriptBeanInfo> (0x00000000f65c1710) thrown at [/build/openjdk-8-0nmX93/openjdk-8-8u232-b09/src/hotspot/src/share/vm/classfile/systemDictionary.cpp, line 210]
Event: 2.235 Thread 0x00007fe01000a800 Exception <a 'java/lang/ClassNotFoundException': org/gradle/api/internal/project/ProjectScriptCustomizer> (0x00000000f65d1038) thrown at [/build/openjdk-8-0nmX93/openjdk-8-8u232-b09/src/hotspot/src/share/vm/classfile/systemDictionary.cpp, line 210]
Event: 2.236 Thread 0x00007fe01000a800 Exception <a 'java/lang/ClassNotFoundException': build_6zqfaj3kue15bqg6nd0b24jvqCustomizer> (0x00000000f65efc70) thrown at [/build/openjdk-8-0nmX93/openjdk-8-8u232-b09/src/hotspot/src/share/vm/classfile/systemDictionary.cpp, line 210]
Event: 2.244 Thread 0x00007fe01000a800 Exception <a 'java/lang/ClassNotFoundException': org/gradle/api/internal/plugins/DefaultObjectConfigurationActionBeanInfo> (0x00000000f66650b0) thrown at [/build/openjdk-8-0nmX93/openjdk-8-8u232-b09/src/hotspot/src/share/vm/classfile/systemDictionary.cpp,
Event: 2.245 Thread 0x00007fe01000a800 Exception <a 'java/lang/ClassNotFoundException': org/gradle/api/internal/plugins/DefaultObjectConfigurationActionCustomizer> (0x00000000f668e5d8) thrown at [/build/openjdk-8-0nmX93/openjdk-8-8u232-b09/src/hotspot/src/share/vm/classfile/systemDictionary.cp
Event: 2.246 Thread 0x00007fe01000a800 Exception <a 'java/lang/ClassNotFoundException': org/gradle/api/plugins/ObjectConfigurationActionBeanInfo> (0x00000000f66c6680) thrown at [/build/openjdk-8-0nmX93/openjdk-8-8u232-b09/src/hotspot/src/share/vm/classfile/systemDictionary.cpp, line 210]
Event: 2.247 Thread 0x00007fe01000a800 Exception <a 'java/lang/ClassNotFoundException': org/gradle/api/plugins/ObjectConfigurationActionCustomizer> (0x00000000f66e9000) thrown at [/build/openjdk-8-0nmX93/openjdk-8-8u232-b09/src/hotspot/src/share/vm/classfile/systemDictionary.cpp, line 210]
Event: 2.278 Thread 0x00007fe01000a800 Exception <a 'java/lang/ClassNotFoundException': org/gradle/api/plugins/BasePluginConventionBeanInfo> (0x00000000f6a464c8) thrown at [/build/openjdk-8-0nmX93/openjdk-8-8u232-b09/src/hotspot/src/share/vm/classfile/systemDictionary.cpp, line 210]
Event: 2.278 Thread 0x00007fe01000a800 Exception <a 'java/lang/ClassNotFoundException': org/gradle/api/plugins/BasePluginConventionCustomizer> (0x00000000f6a78f50) thrown at [/build/openjdk-8-0nmX93/openjdk-8-8u232-b09/src/hotspot/src/share/vm/classfile/systemDictionary.cpp, line 210]

Events (10 events):
Event: 2.677 loading class org/gradle/internal/component/local/model/BuildableLocalComponentMetaData done
Event: 2.677 loading class org/gradle/api/internal/artifacts/configurations/ConfigurationInternal$InternalState
Event: 2.677 loading class org/gradle/api/internal/artifacts/configurations/ConfigurationInternal$InternalState done
Event: 2.677 loading class org/gradle/api/artifacts/ResolvableDependencies
Event: 2.677 loading class org/gradle/api/artifacts/ResolvableDependencies done
Event: 2.678 loading class org/gradle/api/artifacts/PublishArtifactSet
Event: 2.678 loading class org/gradle/api/artifacts/PublishArtifactSet done
Event: 2.678 loading class org/gradle/api/artifacts/DependencySet
Event: 2.678 loading class org/gradle/api/artifacts/DependencySet done
Event: 2.678 Executing VM operation: CollectForMetadataAllocation


Dynamic libraries:
00400000-00401000 r-xp 00000000 08:01 922276                             /usr/lib/jvm/java-8-openjdk-amd64/jre/bin/java
00600000-00601000 r--p 00000000 08:01 922276                             /usr/lib/jvm/java-8-openjdk-amd64/jre/bin/java
00601000-00602000 rw-p 00001000 08:01 922276                             /usr/lib/jvm/java-8-openjdk-amd64/jre/bin/java
00eb5000-00ed6000 rw-p 00000000 00:00 0                                  [heap]
e0e00000-e2380000 rw-p 00000000 00:00 0 
e2380000-f5a00000 ---p 00000000 00:00 0 
f5a00000-fac00000 rw-p 00000000 00:00 0 
ff000000-100000000 ---p 00000000 00:00 0 
100000000-1002e0000 rw-p 00000000 00:00 0 
1002e0000-140000000 ---p 00000000 00:00 0 
7fdfcfe00000-7fdfcffec000 rw-p 00000000 00:00 0 
7fdfcffec000-7fdfd0000000 ---p 00000000 00:00 0 
7fdfd0000000-7fdfd0021000 rw-p 00000000 00:00 0 
7fdfd0021000-7fdfd4000000 ---p 00000000 00:00 0 
7fdfd4022000-7fdfd4222000 rw-p 00000000 00:00 0 
7fdfd4222000-7fdfd4422000 rw-p 00000000 00:00 0 
7fdfd4422000-7fdfd4622000 rw-p 00000000 00:00 0 
7fdfd4622000-7fdfd469c000 r--s 01103000 08:01 934508                     /usr/lib/jvm/java-8-openjdk-amd64/lib/tools.jar
7fdfd469c000-7fdfd489c000 rw-p 00000000 00:00 0 
7fdfd489c000-7fdfd489e000 r--s 00005000 08:01 1319329                    /usr/share/java/gradle-tooling-api-builders-2.10.jar
7fdfd489e000-7fdfd489f000 r--s 00004000 08:01 1319309                    /usr/share/java/gradle-resources-sftp-2.10.jar
7fdfd489f000-7fdfd48a0000 r--s 00001000 08:01 1319307                    /usr/share/java/gradle-plugin-development-2.10.jar
7fdfd48a0000-7fdfd48a2000 r--s 00005000 08:01 1319333                    /usr/share/java/gradle-testing-native-2.10.jar
7fdfd48a2000-7fdfd48a6000 r--s 0002b000 08:01 1319310                    /usr/share/java/gradle-ide-native-2.10.jar
7fdfd48a6000-7fdfd48ab000 r--s 0001a000 08:01 1319318                    /usr/share/java/gradle-language-native-2.10.jar
7fdfd48ab000-7fdfd48b1000 r--s 00027000 08:01 1319311                    /usr/share/java/gradle-platform-play-2.10.jar
7fdfd48b1000-7fdfd48be000 r--s 0004f000 08:01 1319322                    /usr/share/java/gradle-platform-native-2.10.jar
7fdfd48be000-7fdfd48c1000 r--s 00007000 08:01 1319313                    /usr/share/java/gradle-language-scala-2.10.jar
7fdfd48c1000-7fdfd48c3000 r--s 00009000 08:01 1319315                    /usr/share/java/gradle-language-groovy-2.10.jar
7fdfd48c3000-7fdfd48c9000 r--s 00023000 08:01 1319323                    /usr/share/java/gradle-language-java-2.10.jar
7fdfd48c9000-7fdfd48cb000 r--s 00008000 08:01 1319326                    /usr/share/java/gradle-language-jvm-2.10.jar
7fdfd48cb000-7fdfd48ce000 r--s 00015000 08:01 1319336                    /usr/share/java/gradle-platform-jvm-2.10.jar
7fdfd48ce000-7fdfd48d6000 r--s 0002b000 08:01 1319332                    /usr/share/java/gradle-platform-base-2.10.jar
7fdfd48d6000-7fdfd48da000 r--s 00020000 08:01 1319327                    /usr/share/java/gradle-build-init-2.10.jar
7fdfd48da000-7fdfd48dd000 r--s 00017000 08:01 1319337                    /usr/share/java/gradle-jacoco-2.10.jar
7fdfd48dd000-7fdfd48e0000 r--s 0000e000 08:01 1319319                    /usr/share/java/gradle-ivy-2.10.jar
7fdfd48e0000-7fdfd48e2000 r--s 00002000 08:01 1319304                    /usr/share/java/gradle-publish-2.10.jar
7fdfd48e2000-7fdfd48e4000 r--s 00011000 08:01 1319334                    /usr/share/java/gradle-reporting-2.10.jar
7fdfd48e4000-7fdfd48ea000 r--s 00036000 08:01 1319317                    /usr/share/java/gradle-diagnostics-2.10.jar
7fdfd48ea000-7fdfd48eb000 r--s 00006000 08:01 1318859                    /usr/share/java/gradle-wrapper-2.10.jar
7fdfd48eb000-7fdfd48f7000 r--s 0003a000 08:01 1318863                    /usr/share/java/gradle-tooling-api-2.10.jar
7fdfd48f7000-7fdfd48fa000 r--s 00015000 08:01 1319336                    /usr/share/java/gradle-platform-jvm-2.10.jar
7fdfd48fa000-7fdfd48fc000 r--s 00008000 08:01 1319326                    /usr/share/java/gradle-language-jvm-2.10.jar
7fdfd48fc000-7fdfd4902000 r--s 00023000 08:01 1319323                    /usr/share/java/gradle-language-java-2.10.jar
7fdfd4902000-7fdfd4904000 r--s 00009000 08:01 1319315                    /usr/share/java/gradle-language-groovy-2.10.jar
7fdfd4904000-7fdfd4906000 r--s 00005000 08:01 1318903                    /usr/share/java/jatl.jar
7fdfd4906000-7fdfd4908000 r--s 00011000 08:01 1319334                    /usr/share/java/gradle-reporting-2.10.jar
7fdfd4908000-7fdfd4910000 r--s 0002b000 08:01 1319332                    /usr/share/java/gradle-platform-base-2.10.jar
7fdfd4910000-7fdfd4916000 r--s 00036000 08:01 1319317                    /usr/share/java/gradle-diagnostics-2.10.jar
7fdfd4916000-7fdfd4931000 r--s 000c9000 08:01 1319330                    /usr/share/java/gradle-dependency-management-2.10.jar
7fdfd4931000-7fdfd493d000 r--s 00073000 08:01 1319320                    /usr/share/java/gradle-plugins-2.10.jar
7fdfd493d000-7fdfd493f000 r--s 0000b000 08:01 1319338                    /usr/share/java/gradle-ear-2.10.jar
7fdfd493f000-7fdfd4976000 r--s 001bb000 08:01 1318851                    /usr/share/java/gradle-core-2.10.jar
7fdfd4976000-7fdfd497d000 r--s 0002d000 08:01 1319316                    /usr/share/java/gradle-build-comparison-2.10.jar
7fdfd497d000-7fdfd498a000 r--s 0010b000 08:01 1319248                    /usr/share/java/js-1.7R4.jar
7fdfd498a000-7fdfd498e000 r--s 00015000 08:01 1319321                    /usr/share/java/gradle-javascript-2.10.jar
7fdfd498e000-7fdfd4990000 r--s 0000b000 08:01 1319338                    /usr/share/java/gradle-ear-2.10.jar
7fdfd4990000-7fdfd4997000 r--s 00034000 08:01 1318897                    /usr/share/java/bcpg-1.51.jar
7fdfd4997000-7fdfd499a000 r--s 00016000 08:01 1319312                    /usr/share/java/gradle-signing-2.10.jar
7fdfd499a000-7fdfd49a8000 r--s 0009f000 08:01 1319335                    /usr/share/java/gradle-ide-2.10.jar
7fdfd49a8000-7fdfd49c8000 r--s 001b8000 08:01 1318655                    /usr/share/java/bndlib-2.4.1.jar
7fdfd49c8000-7fdfd49d1000 r-xp 00000000 08:01 921137                     /usr/lib/jvm/java-8-openjdk-amd64/jre/lib/amd64/libmanagement.so
7fdfd49d1000-7fdfd4bd0000 ---p 00009000 08:01 921137                     /usr/lib/jvm/java-8-openjdk-amd64/jre/lib/amd64/libmanagement.so
7fdfd4bd0000-7fdfd4bd1000 r--p 00008000 08:01 921137                     /usr/lib/jvm/java-8-openjdk-amd64/jre/lib/amd64/libmanagement.so
7fdfd4bd1000-7fdfd4bd2000 rw-p 00009000 08:01 921137                     /usr/lib/jvm/java-8-openjdk-amd64/jre/lib/amd64/libmanagement.so
7fdfd4bd2000-7fdfd4bf7000 r-xp 00000000 08:01 3937781                    /lib/x86_64-linux-gnu/libtinfo.so.5.9
7fdfd4bf7000-7fdfd4df6000 ---p 00025000 08:01 3937781                    /lib/x86_64-linux-gnu/libtinfo.so.5.9
7fdfd4df6000-7fdfd4dfa000 r--p 00024000 08:01 3937781                    /lib/x86_64-linux-gnu/libtinfo.so.5.9
7fdfd4dfa000-7fdfd4dfb000 rw-p 00028000 08:01 3937781                    /lib/x86_64-linux-gnu/libtinfo.so.5.9
7fdfd4dfb000-7fdfd4dfe000 r-xp 00000000 08:01 934252                     /usr/lib/jni/libnative-platform-curses.so
7fdfd4dfe000-7fdfd4ffd000 ---p 00003000 08:01 934252                     /usr/lib/jni/libnative-platform-curses.so
7fdfd4ffd000-7fdfd4ffe000 r--p 00002000 08:01 934252                     /usr/lib/jni/libnative-platform-curses.so
7fdfd4ffe000-7fdfd4fff000 rw-p 00003000 08:01 934252                     /usr/lib/jni/libnative-platform-curses.so
7fdfd4fff000-7fdfd8000000 rw-p 00000000 00:00 0 
7fdfd8000000-7fdfd8940000 rw-p 00000000 00:00 0 
7fdfd8940000-7fdfdc000000 ---p 00000000 00:00 0 
7fdfdc000000-7fdfdc021000 rw-p 00000000 00:00 0 
7fdfdc021000-7fdfe0000000 ---p 00000000 00:00 0 
7fdfe0000000-7fdfe0021000 rw-p 00000000 00:00 0 
7fdfe0021000-7fdfe4000000 ---p 00000000 00:00 0 
7fdfe4000000-7fdfe5af8000 rw-p 00000000 00:00 0 
7fdfe5af8000-7fdfe8000000 ---p 00000000 00:00 0 
7fdfe8000000-7fdfe8021000 rw-p 00000000 00:00 0 
7fdfe8021000-7fdfec000000 ---p 00000000 00:00 0 
7fdfec000000-7fdfec021000 rw-p 00000000 00:00 0 
7fdfec021000-7fdff0000000 ---p 00000000 00:00 0 
7fdff0000000-7fdff0021000 rw-p 00000000 00:00 0 
7fdff0021000-7fdff4000000 ---p 00000000 00:00 0 
7fdff4000000-7fdff4021000 rw-p 00000000 00:00 0 
7fdff4021000-7fdff8000000 ---p 00000000 00:00 0 
7fdff8000000-7fdff8027000 rw-p 00000000 00:00 0 
7fdff8027000-7fdffc000000 ---p 00000000 00:00 0 
7fdffc000000-7fdffc002000 r--s 00010000 08:01 1319339                    /usr/share/java/gradle-scala-2.10.jar
7fdffc002000-7fdffc004000 r--s 0000a000 08:01 1319308                    /usr/share/java/gradle-announce-2.10.jar
7fdffc004000-7fdffc006000 r--s 0000d000 08:01 1319245                    /usr/share/java/pmaven-groovy-0.8-tobrien-SNAPSHOT.jar
7fdffc006000-7fdffc007000 r--s 00004000 08:01 1319244                    /usr/share/java/pmaven-common-0.8-tobrien-SNAPSHOT.jar
7fdffc007000-7fdffc00d000 r--s 00022000 08:01 1319314                    /usr/share/java/gradle-maven-2.10.jar
7fdffc00d000-7fdffc00f000 r--s 00004000 08:01 1319305                    /usr/share/java/gradle-osgi-2.10.jar
7fdffc00f000-7fdffc011000 r--s 00008000 08:01 1319306                    /usr/share/java/gradle-antlr-2.10.jar
7fdffc011000-7fdffc013000 r--s 00005000 08:01 1318986                    /usr/share/java/jetty-naming-6.1.26.jar
7fdffc013000-7fdffc014000 r--s 00002000 08:01 1318988                    /usr/share/java/jetty-annotations-6.1.26.jar
7fdffc014000-7fdffc017000 r--s 0000d000 08:01 1318647                    /usr/share/java/jsp-api-2.3.jar
7fdffc017000-7fdffc019000 r--s 00012000 08:01 1318645                    /usr/share/java/el-api-3.0.jar
7fdffc019000-7fdffc029000 r--s 00194000 08:01 1318937                    /usr/share/java/eclipse-ecj-3.10.0.jar
7fdffc029000-7fdffc030000 r--s 00089000 08:01 1319251                    /usr/share/java/tomcat8-jasper-8.0.32.jar
7fdffc030000-7fdffc031000 r--s 00002000 08:01 1318982                    /usr/share/java/geronimo-jta_1.1_spec-1.1.1.jar
7fdffc031000-7fdffc03a000 r--s 0008b000 08:01 1318923                    /usr/share/java/javax.mail.jar
7fdffc03a000-7fdffc03c000 r--s 0000c000 08:01 1318987                    /usr/share/java/jetty-plus-6.1.26.jar
7fdffc03c000-7fdffc040000 r--s 00038000 08:01 1318644                    /usr/share/java/servlet-api-3.1.jar
7fdffc040000-7fdffc043000 r--s 00028000 08:01 1318906                    /usr/share/java/jetty-util-6.1.26.jar
7fdffc043000-7fdffc04a000 r--s 0007c000 08:01 1318908                    /usr/share/java/jetty-6.1.26.jar
7fdffc04a000-7fdffc04c000 r--s 00009000 08:01 1319325                    /usr/share/java/gradle-jetty-2.10.jar
7fdffc04c000-7fdffc052000 r--s 00037000 08:01 1319303                    /usr/share/java/gradle-code-quality-2.10.jar
7fdffc052000-7fdffc054000 r--s 0000a000 08:01 1318701                    /usr/share/java/commons-cli-1.3.1.jar
7fdffc054000-7fdffc057000 r--s 0000d000 08:01 1314763                    /usr/share/java/jcommander.jar
7fdffc057000-7fdffc065000 r--s 000c8000 08:01 1317940                    /usr/share/java/testng.jar
7fdffc065000-7fdffc067000 r--s 0000a000 08:01 1318671                    /usr/share/java/hamcrest-core-1.3.jar
7fdffc067000-7fdffc06f000 r--s 00045000 08:01 1318681                    /usr/share/java/junit4-4.12.jar
7fdffc06f000-7fdffc07b000 r--s 00073000 08:01 1319320                    /usr/share/java/gradle-plugins-2.10.jar
7fdffc07b000-7fdffc082000 r--s 00044000 08:01 1318758                    /usr/share/java/httpcore.jar
7fdffc082000-7fdffc088000 r--s 0005b000 08:01 1318767                    /usr/share/java/jcifs-1.3.18.jar
7fdffc088000-7fdffc08f000 r--s 00040000 08:01 1318755                    /usr/share/java/commons-codec-1.10.jar
7fdffc08f000-7fdffc098000 r--s 00031000 08:01 1318814                    /usr/share/java/xml-apis-1.4.01.jar
7fdffc098000-7fdffc09a000 r--s 00015000 08:01 1318811                    /usr/share/java/xml-resolver-1.2.jar
7fdffc09a000-7fdffc09f000 r--s 00010000 08:01 1318813                    /usr/share/java/xml-apis-ext-1.4.01.jar
7fdffc09f000-7fdffc0b8000 r--s 00132000 08:01 1318820                    /usr/share/java/xercesImpl-2.11.0.jar
7fdffc0b8000-7fdffc0bb000 r--s 0001c000 08:01 1318824                    /usr/share/java/nekohtml-1.9.22.jar
7fdffc0bb000-7fdffc0c8000 r--s 000a5000 08:01 1318762                    /usr/share/java/httpclient.jar
7fdffc0c8000-7fdffc0ca000 r--s 00009000 08:01 1319340                    /usr/share/java/gradle-resources-http-2.10.jar
7fdffc0ca000-7fdffc0cd000 r--s 00011000 08:01 1319324                    /usr/share/java/gradle-plugin-use-2.10.jar
7fdffc0cd000-7fdffc0d0000 r--s 00032000 08:01 1319024                    /usr/share/java/plexus-utils-1.5.15.jar
7fdffc0d0000-7fdffc0d2000 r--s 00000000 08:01 1319103                    /usr/share/java/plexus-component-annotations-1.5.jar
7fdffc0d2000-7fdffc0d4000 r--s 0000a000 08:01 1319209                    /usr/share/java/maven3-plugin-api-3.3.9.jar
7fdffc0d4000-7fdffc0db000 r--s 0005d000 08:01 1319071                    /usr/share/java/commons-lang3.jar
7fdffc0db000-7fdffc0e0000 r--s 00025000 08:01 1319213                    /usr/share/java/maven3-model-builder-3.3.9.jar
7fdffc0e0000-7fdffc0e1000 r--s 00006000 08:01 1319125                    /usr/share/java/plexus-sec-dispatcher.jar
7fdffc0e1000-7fdffc0e3000 r--s 0000e000 08:01 1319022                    /usr/share/java/plexus-interpolation.jar
7fdffc0e3000-7fdffc0e5000 r--s 0000d000 08:01 1319216                    /usr/share/java/maven3-aether-provider-3.3.9.jar
7fdffc0e5000-7fdffc0e6000 r--s 00006000 08:01 1319212                    /usr/share/java/maven3-repository-metadata-3.3.9.jar
7fdffc0e6000-7fdffc0e9000 r--s 0000a000 08:01 1319219                    /usr/share/java/maven3-artifact-3.3.9.jar
7fdffc0e9000-7fdffc0ee000 r--s 0001d000 08:01 1319059                    /usr/share/java/eclipse-aether-api.jar
7fdffc0ee000-7fdffc0ef000 r--s 00001000 08:01 1319191                    /usr/share/java/wagon-file-2.x.jar
7fdffc0ef000-7fdffc0f1000 r--s 00001000 08:01 1319218                    /usr/share/java/maven3-builder-support-3.3.9.jar
7fdffc0f1000-7fdffc0f4000 r--s 00007000 08:01 1319217                    /usr/share/java/maven3-settings-builder-3.3.9.jar
7fdffc0f4000-7fdffc0fb000 r--s 00041000 08:01 1319210                    /usr/share/java/maven3-compat-3.3.9.jar
7fdffc0fb000-7fdffc0ff000 r--s 00020000 08:01 1319060                    /usr/share/java/eclipse-aether-util.jar
7fdffc0ff000-7fdffc101000 r--s 00027000 08:01 1319215                    /usr/share/java/maven3-model-3.3.9.jar
7fdffc101000-7fdffc102000 r--s 00006000 08:01 1319193                    /usr/share/java/wagon-http-2.x.jar
7fdffc102000-7fdffc103000 r--s 0000a000 08:01 1319208                    /usr/share/java/maven3-settings-3.3.9.jar
7fdffc103000-7fdffc104000 r--s 00001000 08:01 1319198                    /usr/share/java/wagon-http-shared-2.x.jar
7fdffc104000-7fdffc10b000 r--s 0002f000 08:01 1319101                    /usr/share/java/plexus-container-default-1.5.jar
7fdffc10b000-7fdffc10d000 r--s 0000b000 08:01 1319013                    /usr/share/java/plexus-classworlds.jar
7fdffc10d000-7fdffc10f000 r--s 00002000 08:01 1319095                    /usr/share/java/plexus-cipher.jar
7fdffc10f000-7fdffc111000 r--s 0000a000 08:01 1319192                    /usr/share/java/wagon-provider-api-2.x.jar
7fdffc111000-7fdffc115000 r--s 00027000 08:01 1319052                    /usr/share/java/eclipse-aether-impl.jar
7fdffc115000-7fdffc116000 r--s 00008000 08:01 1319055                    /usr/share/java/eclipse-aether-connector-basic.jar
7fdffc116000-7fdffc118000 r--s 00006000 08:01 1319057                    /usr/share/java/eclipse-aether-spi.jar
7fdffc118000-7fdffc11c000 r--s 00040000 08:01 1318775                    /usr/share/java/jsch-0.1.53.jar
7fdffc11c000-7fdffc15c000 r--s 0024e000 08:01 1318895                    /usr/share/java/bcprov-1.51.jar
7fdffc15c000-7fdffc160000 r--s 0001f000 08:01 1318836                    /usr/share/java/xbean-reflect.jar
7fdffc160000-7fdffc16d000 r--s 0008d000 08:01 1319211                    /usr/share/java/maven3-core-3.3.9.jar
7fdffc16d000-7fdffc172000 r--s 0002e000 08:01 1318901                    /usr/share/java/gson.jar
7fdffc172000-7fdffc187000 r--s 00124000 08:01 1318669                    /usr/share/java/ivy-2.3.0.jar
7fdffc187000-7fdffc1a2000 r--s 000c9000 08:01 1319330                    /usr/share/java/gradle-dependency-management-2.10.jar
7fdffc1a2000-7fdffc1a7000 r--s 000a3000 08:01 921100                     /usr/lib/jvm/java-8-openjdk-amd64/jre/lib/jsse.jar
7fdffc1a7000-7fdffc1ae000 r--s 00000000 08:01 1182122                    /usr/lib/x86_64-linux-gnu/gconv/gconv-modules.cache
7fdffc1ae000-7fdffc1b1000 r-xp 00000000 08:01 934253                     /usr/lib/jni/libnative-platform.so
7fdffc1b1000-7fdffc3b0000 ---p 00003000 08:01 934253                     /usr/lib/jni/libnative-platform.so
7fdffc3b0000-7fdffc3b1000 r--p 00002000 08:01 934253                     /usr/lib/jni/libnative-platform.so
7fdffc3b1000-7fdffc3b2000 rw-p 00003000 08:01 934253                     /usr/lib/jni/libnative-platform.so
7fdffc3b2000-7fdffc3b3000 r--s 00006000 08:01 1318859                    /usr/share/java/gradle-wrapper-2.10.jar
7fdffc3b3000-7fdffc3bf000 r--s 0003a000 08:01 1318863                    /usr/share/java/gradle-tooling-api-2.10.jar
7fdffc3bf000-7fdffc3c1000 r--s 00002000 08:01 1318853                    /usr/share/java/gradle-open-api-2.10.jar
7fdffc3c1000-7fdffc3c7000 r--s 00031000 08:01 1318879                    /usr/share/java/jaxen-1.1.6.jar
7fdffc3c7000-7fdffc3cc000 r--s 0003f000 08:01 1318884                    /usr/share/java/dom4j-1.6.1.jar
7fdffc3cc000-7fdffc3d7000 r--s 00059000 08:01 1319378                    /usr/share/java/gradle-ui-2.10.jar
7fdffc3d7000-7fdffc3da000 r--s 00008000 08:01 1318861                    /usr/share/java/gradle-resources-2.10.jar
7fdffc3da000-7fdffc3e3000 r--s 0003f000 08:01 1318858                    /usr/share/java/gradle-messaging-2.10.jar
7fdffc3e3000-7fdffc3e5000 r--s 00008000 08:01 1318856                    /usr/share/java/gradle-native-2.10.jar
7fdffc3e5000-7fdffc3e7000 r--s 00005000 08:01 1318854                    /usr/share/java/gradle-cli-2.10.jar
7fdffc3e7000-7fdffc3e8000 r--s 00007000 08:01 1318852                    /usr/share/java/gradle-model-groovy-2.10.jar
7fdffc3e8000-7fdffc3ea000 r--s 00005000 08:01 1318857                    /usr/share/java/gradle-base-services-groovy-2.10.jar
7fdffc3ea000-7fdffc3f8000 r--s 00072000 08:01 1318855                    /usr/share/java/gradle-model-core-2.10.jar
7fdffc3f8000-7fdffc3f9000 r--s 00000000 08:01 1318860                    /usr/share/java/gradle-docs-2.10.jar
7fdffc3f9000-7fdffc400000 r--s 00034000 08:01 1318862                    /usr/share/java/gradle-base-services-2.10.jar
7fdffc400000-7fdffc437000 r--s 001bb000 08:01 1318851                    /usr/share/java/gradle-core-2.10.jar
7fdffc437000-7fdffc441000 r--s 0004a000 08:01 1319379                    /usr/share/java/gradle-launcher-2.10.jar
7fdffc441000-7fdffc442000 r--s 00004000 08:01 1318558                    /usr/share/java/ant-launcher-1.9.6.jar
7fdffc442000-7fdffc461000 r--s 001d3000 08:01 1318557                    /usr/share/java/ant-1.9.6.jar
7fdffc461000-7fdffc468000 r--s 00034000 08:01 1318862                    /usr/share/java/gradle-base-services-2.10.jar
7fdffc468000-7fdffc46a000 r--s 00004000 08:01 1318792                    /usr/share/java/log4j-over-slf4j.jar
7fdffc46a000-7fdffc46c000 r--s 00000000 08:01 1318785                    /usr/share/java/jul-to-slf4j.jar
7fdffc46c000-7fdffc46e000 r--s 00003000 08:01 1318786                    /usr/share/java/jcl-over-slf4j.jar
7fdffc46e000-7fdffc472000 r--s 0001c000 08:01 1318765                    /usr/share/java/jarjar-1.4-SNAPSHOT.jar
7fdffc472000-7fdffc475000 r--s 00008000 08:01 1318861                    /usr/share/java/gradle-resources-2.10.jar
7fdffc475000-7fdffc478000 r--s 0000c000 08:01 1318809                    /usr/share/java/native-platform-0.10.jar
7fdffc478000-7fdffc47c000 r--s 00024000 08:01 1318773                    /usr/share/java/jna-4.2.2.jar
7fdffc47c000-7fdffc47d000 r--s 00003000 08:01 1318709                    /usr/share/java/hawtjni-runtime-1.10.jar
7fdffc47d000-7fdffc47e000 r--s 00001000 08:01 1318712                    /usr/share/java/jansi-native-1.0.jar
7fdffc47e000-7fdffc47f000 r--s 00005000 08:01 1318715                    /usr/share/java/jansi-1.4.jar
7fdffc47f000-7fdffc481000 r--s 00008000 08:01 1318856                    /usr/share/java/gradle-native-2.10.jar
7fdffc481000-7fdffc482000 r--s 00007000 08:01 1318852                    /usr/share/java/gradle-model-groovy-2.10.jar
7fdffc482000-7fdffc483000 r--s 00000000 08:01 1318770                    /usr/share/java/jcip-annotations-1.0.jar
7fdffc483000-7fdffc491000 r--s 00072000 08:01 1318855                    /usr/share/java/gradle-model-core-2.10.jar
7fdffc491000-7fdffc493000 r--s 0000c000 08:01 1318690                    /usr/share/java/asm4-5.0.4.jar
7fdffc493000-7fdffc494000 r--s 00003000 08:01 1318781                    /usr/share/java/reflectasm-1.05.jar
7fdffc494000-7fdffc496000 r--s 0000a000 08:01 1318779                    /usr/share/java/objenesis.jar
7fdffc496000-7fdffc497000 r--s 00000000 08:01 1318777                    /usr/share/java/minlog-1.2.jar
7fdffc497000-7fdffc49b000 r--s 00026000 08:01 1318783                    /usr/share/java/kryo-2.20.jar
7fdffc49b000-7fdffc4a4000 r--s 0003f000 08:01 1318858                    /usr/share/java/gradle-messaging-2.10.jar
7fdffc4a4000-7fdffc4a5000 r--s 00000000 08:01 1318860                    /usr/share/java/gradle-docs-2.10.jar
7fdffc4a5000-7fdffc4a7000 r--s 00005000 08:01 1318854                    /usr/share/java/gradle-cli-2.10.jar
7fdffc4a7000-7fdffc517000 r--s 0063f000 08:01 1318736                    /usr/share/java/groovy-all-2.x.jar
7fdffc517000-7fdffc519000 r--s 00007000 08:01 1318791                    /usr/share/java/slf4j-api.jar
7fdffc519000-7fdffc545000 r--s 00208000 08:01 1318753                    /usr/share/java/guava.jar
7fdffc545000-7fdffc54c000 r--s 00034000 08:01 1318862                    /usr/share/java/gradle-base-services-2.10.jar
7fdffc54c000-7fdffc54e000 r--s 00005000 08:01 1318857                    /usr/share/java/gradle-base-services-groovy-2.10.jar
7fdffc54e000-7fdffc553000 r--s 00040000 08:01 1318749                    /usr/share/java/commons-lang-2.6.jar
7fdffc553000-7fdffc557000 r--s 00027000 08:01 1318747                    /usr/share/java/commons-io-2.4.jar
7fdffc557000-7fdffc564000 r--s 00080000 08:01 1318743                    /usr/share/java/commons-collections3-3.2.2.jar
7fdffc564000-7fdffc583000 r--s 001d3000 08:01 1318557                    /usr/share/java/ant-1.9.6.jar
7fdffc583000-7fdffc5ba000 r--s 001bb000 08:01 1318851                    /usr/share/java/gradle-core-2.10.jar
7fdffc5ba000-7fdffc5d1000 r-xp 00000000 08:01 921132                     /usr/lib/jvm/java-8-openjdk-amd64/jre/lib/amd64/libnet.so
7fdffc5d1000-7fdffc7d0000 ---p 00017000 08:01 921132                     /usr/lib/jvm/java-8-openjdk-amd64/jre/lib/amd64/libnet.so
7fdffc7d0000-7fdffc7d1000 r--p 00016000 08:01 921132                     /usr/lib/jvm/java-8-openjdk-amd64/jre/lib/amd64/libnet.so
7fdffc7d1000-7fdffc7d2000 rw-p 00017000 08:01 921132                     /usr/lib/jvm/java-8-openjdk-amd64/jre/lib/amd64/libnet.so
7fdffc7d2000-7fdffc7e3000 r-xp 00000000 08:01 921138                     /usr/lib/jvm/java-8-openjdk-amd64/jre/lib/amd64/libnio.so
7fdffc7e3000-7fdffc9e3000 ---p 00011000 08:01 921138                     /usr/lib/jvm/java-8-openjdk-amd64/jre/lib/amd64/libnio.so
7fdffc9e3000-7fdffc9e4000 r--p 00011000 08:01 921138                     /usr/lib/jvm/java-8-openjdk-amd64/jre/lib/amd64/libnio.so
7fdffc9e4000-7fdffc9e5000 rw-p 00012000 08:01 921138                     /usr/lib/jvm/java-8-openjdk-amd64/jre/lib/amd64/libnio.so
7fdffc9e5000-7fdffca00000 r--s 00394000 08:01 921110                     /usr/lib/jvm/java-8-openjdk-amd64/jre/lib/ext/cldrdata.jar
7fdffca00000-7fdffca1b000 r--s 001d6000 08:01 921111                     /usr/lib/jvm/java-8-openjdk-amd64/jre/lib/ext/nashorn.jar
7fdffca1b000-7fdffca1c000 ---p 00000000 00:00 0 
7fdffca1c000-7fdffcb1c000 rw-p 00000000 00:00 0 
7fdffcb1c000-7fdffcb1f000 ---p 00000000 00:00 0 
7fdffcb1f000-7fdffcc1d000 rw-p 00000000 00:00 0 
7fdffcc1d000-7fdffcc20000 ---p 00000000 00:00 0 
7fdffcc20000-7fdffcd1e000 rw-p 00000000 00:00 0 
7fdffcd1e000-7fdffcd21000 ---p 00000000 00:00 0 
7fdffcd21000-7fdffce1f000 rw-p 00000000 00:00 0 
7fdffce1f000-7fdffce22000 ---p 00000000 00:00 0 
7fdffce22000-7fdffcf20000 rw-p 00000000 00:00 0 
7fdffcf20000-7fdffd8df000 r--p 00000000 08:01 925460                     /usr/lib/locale/locale-archive
7fdffd8df000-7fdffd8e2000 ---p 00000000 00:00 0 
7fdffd8e2000-7fdffd9e0000 rw-p 00000000 00:00 0 
7fdffd9e0000-7fdffd9e3000 ---p 00000000 00:00 0 
7fdffd9e3000-7fdffdae1000 rw-p 00000000 00:00 0 
7fdffdae1000-7fdffdae2000 ---p 00000000 00:00 0 
7fdffdae2000-7fdffe59c000 rw-p 00000000 00:00 0 
7fdffe59c000-7fdffe76c000 r--s 03c5f000 08:01 921097                     /usr/lib/jvm/java-8-openjdk-amd64/jre/lib/rt.jar
7fdffe76c000-7fdfffff5000 rw-p 00000000 00:00 0 
7fdfffff5000-7fdfffff6000 ---p 00000000 00:00 0 
7fdfffff6000-7fe0000f6000 rw-p 00000000 00:00 0 
7fe0000f6000-7fe0000f7000 ---p 00000000 00:00 0 
7fe0000f7000-7fe000210000 rw-p 00000000 00:00 0 
7fe000210000-7fe0005b7000 ---p 00000000 00:00 0 
7fe0005b7000-7fe000bd7000 rwxp 00000000 00:00 0 
7fe000bd7000-7fe00f5b7000 ---p 00000000 00:00 0 
7fe00f5b7000-7fe00f5bf000 r-xp 00000000 08:01 921133                     /usr/lib/jvm/java-8-openjdk-amd64/jre/lib/amd64/libzip.so
7fe00f5bf000-7fe00f7be000 ---p 00008000 08:01 921133                     /usr/lib/jvm/java-8-openjdk-amd64/jre/lib/amd64/libzip.so
7fe00f7be000-7fe00f7bf000 r--p 00007000 08:01 921133                     /usr/lib/jvm/java-8-openjdk-amd64/jre/lib/amd64/libzip.so
7fe00f7bf000-7fe00f7c0000 rw-p 00008000 08:01 921133                     /usr/lib/jvm/java-8-openjdk-amd64/jre/lib/amd64/libzip.so
7fe00f7c0000-7fe00f7cb000 r-xp 00000000 08:01 3937708                    /lib/x86_64-linux-gnu/libnss_files-2.23.so
7fe00f7cb000-7fe00f9ca000 ---p 0000b000 08:01 3937708                    /lib/x86_64-linux-gnu/libnss_files-2.23.so
7fe00f9ca000-7fe00f9cb000 r--p 0000a000 08:01 3937708                    /lib/x86_64-linux-gnu/libnss_files-2.23.so
7fe00f9cb000-7fe00f9cc000 rw-p 0000b000 08:01 3937708                    /lib/x86_64-linux-gnu/libnss_files-2.23.so
7fe00f9cc000-7fe00f9d2000 rw-p 00000000 00:00 0 
7fe00f9d2000-7fe00f9dd000 r-xp 00000000 08:01 3937718                    /lib/x86_64-linux-gnu/libnss_nis-2.23.so
7fe00f9dd000-7fe00fbdc000 ---p 0000b000 08:01 3937718                    /lib/x86_64-linux-gnu/libnss_nis-2.23.so
7fe00fbdc000-7fe00fbdd000 r--p 0000a000 08:01 3937718                    /lib/x86_64-linux-gnu/libnss_nis-2.23.so
7fe00fbdd000-7fe00fbde000 rw-p 0000b000 08:01 3937718                    /lib/x86_64-linux-gnu/libnss_nis-2.23.so
7fe00fbde000-7fe00fbf4000 r-xp 00000000 08:01 3937702                    /lib/x86_64-linux-gnu/libnsl-2.23.so
7fe00fbf4000-7fe00fdf3000 ---p 00016000 08:01 3937702                    /lib/x86_64-linux-gnu/libnsl-2.23.so
7fe00fdf3000-7fe00fdf4000 r--p 00015000 08:01 3937702                    /lib/x86_64-linux-gnu/libnsl-2.23.so
7fe00fdf4000-7fe00fdf5000 rw-p 00016000 08:01 3937702                    /lib/x86_64-linux-gnu/libnsl-2.23.so
7fe00fdf5000-7fe00fdf7000 rw-p 00000000 00:00 0 
7fe00fdf7000-7fe00fdff000 r-xp 00000000 08:01 3937704                    /lib/x86_64-linux-gnu/libnss_compat-2.23.so
7fe00fdff000-7fe00fffe000 ---p 00008000 08:01 3937704                    /lib/x86_64-linux-gnu/libnss_compat-2.23.so
7fe00fffe000-7fe00ffff000 r--p 00007000 08:01 3937704                    /lib/x86_64-linux-gnu/libnss_compat-2.23.so
7fe00ffff000-7fe010000000 rw-p 00008000 08:01 3937704                    /lib/x86_64-linux-gnu/libnss_compat-2.23.so
7fe010000000-7fe0119e5000 rw-p 00000000 00:00 0 
7fe0119e5000-7fe014000000 ---p 00000000 00:00 0 
7fe014000000-7fe014001000 r--s 00000000 08:01 1318740                    /usr/share/java/atinject-jsr330-api-1.0.jar
7fe014001000-7fe014007000 r--s 0003b000 08:01 1318688                    /usr/share/java/asm4-all-5.0.4.jar
7fe014007000-7fe014008000 r--s 00004000 08:01 1318558                    /usr/share/java/ant-launcher-1.9.6.jar
7fe014008000-7fe014012000 r--s 0004a000 08:01 1319379                    /usr/share/java/gradle-launcher-2.10.jar
7fe014012000-7fe014013000 r--s 00010000 08:01 921108                     /usr/lib/jvm/java-8-openjdk-amd64/jre/lib/ext/zipfs.jar
7fe014013000-7fe014016000 r--s 0000f000 08:01 921109                     /usr/lib/jvm/java-8-openjdk-amd64/jre/lib/ext/icedtea-sound.jar
7fe014016000-7fe0140f2000 rw-p 00000000 00:00 0 
7fe0140f2000-7fe01418d000 ---p 00000000 00:00 0 
7fe01418d000-7fe0141b6000 rw-p 00000000 00:00 0 
7fe0141b6000-7fe0141e0000 ---p 00000000 00:00 0 
7fe0141e0000-7fe0141e1000 rw-p 00000000 00:00 0 
7fe0141e1000-7fe01420a000 r-xp 00000000 08:01 921526                     /usr/lib/jvm/java-8-openjdk-amd64/jre/lib/amd64/libjava.so
7fe01420a000-7fe01440a000 ---p 00029000 08:01 921526                     /usr/lib/jvm/java-8-openjdk-amd64/jre/lib/amd64/libjava.so
7fe01440a000-7fe01440b000 r--p 00029000 08:01 921526                     /usr/lib/jvm/java-8-openjdk-amd64/jre/lib/amd64/libjava.so
7fe01440b000-7fe01440d000 rw-p 0002a000 08:01 921526                     /usr/lib/jvm/java-8-openjdk-amd64/jre/lib/amd64/libjava.so
7fe01440d000-7fe01441c000 r-xp 00000000 08:01 921139                     /usr/lib/jvm/java-8-openjdk-amd64/jre/lib/amd64/libverify.so
7fe01441c000-7fe01461b000 ---p 0000f000 08:01 921139                     /usr/lib/jvm/java-8-openjdk-amd64/jre/lib/amd64/libverify.so
7fe01461b000-7fe01461d000 r--p 0000e000 08:01 921139                     /usr/lib/jvm/java-8-openjdk-amd64/jre/lib/amd64/libverify.so
7fe01461d000-7fe01461e000 rw-p 00010000 08:01 921139                     /usr/lib/jvm/java-8-openjdk-amd64/jre/lib/amd64/libverify.so
7fe01461e000-7fe014625000 r-xp 00000000 08:01 3937763                    /lib/x86_64-linux-gnu/librt-2.23.so
7fe014625000-7fe014824000 ---p 00007000 08:01 3937763                    /lib/x86_64-linux-gnu/librt-2.23.so
7fe014824000-7fe014825000 r--p 00006000 08:01 3937763                    /lib/x86_64-linux-gnu/librt-2.23.so
7fe014825000-7fe014826000 rw-p 00007000 08:01 3937763                    /lib/x86_64-linux-gnu/librt-2.23.so
7fe014826000-7fe01483c000 r-xp 00000000 08:01 3937647                    /lib/x86_64-linux-gnu/libgcc_s.so.1
7fe01483c000-7fe014a3b000 ---p 00016000 08:01 3937647                    /lib/x86_64-linux-gnu/libgcc_s.so.1
7fe014a3b000-7fe014a3c000 rw-p 00015000 08:01 3937647                    /lib/x86_64-linux-gnu/libgcc_s.so.1
7fe014a3c000-7fe014b44000 r-xp 00000000 08:01 3937679                    /lib/x86_64-linux-gnu/libm-2.23.so
7fe014b44000-7fe014d43000 ---p 00108000 08:01 3937679                    /lib/x86_64-linux-gnu/libm-2.23.so
7fe014d43000-7fe014d44000 r--p 00107000 08:01 3937679                    /lib/x86_64-linux-gnu/libm-2.23.so
7fe014d44000-7fe014d45000 rw-p 00108000 08:01 3937679                    /lib/x86_64-linux-gnu/libm-2.23.so
7fe014d45000-7fe014eb7000 r-xp 00000000 08:01 919554                     /usr/lib/x86_64-linux-gnu/libstdc++.so.6.0.21
7fe014eb7000-7fe0150b7000 ---p 00172000 08:01 919554                     /usr/lib/x86_64-linux-gnu/libstdc++.so.6.0.21
7fe0150b7000-7fe0150c1000 r--p 00172000 08:01 919554                     /usr/lib/x86_64-linux-gnu/libstdc++.so.6.0.21
7fe0150c1000-7fe0150c3000 rw-p 0017c000 08:01 919554                     /usr/lib/x86_64-linux-gnu/libstdc++.so.6.0.21
7fe0150c3000-7fe0150c7000 rw-p 00000000 00:00 0 
7fe0150c7000-7fe015d2d000 r-xp 00000000 08:01 921383                     /usr/lib/jvm/java-8-openjdk-amd64/jre/lib/amd64/server/libjvm.so
7fe015d2d000-7fe015f2d000 ---p 00c66000 08:01 921383                     /usr/lib/jvm/java-8-openjdk-amd64/jre/lib/amd64/server/libjvm.so
7fe015f2d000-7fe015fc1000 r--p 00c66000 08:01 921383                     /usr/lib/jvm/java-8-openjdk-amd64/jre/lib/amd64/server/libjvm.so
7fe015fc1000-7fe015fea000 rw-p 00cfa000 08:01 921383                     /usr/lib/jvm/java-8-openjdk-amd64/jre/lib/amd64/server/libjvm.so
7fe015fea000-7fe01601a000 rw-p 00000000 00:00 0 
7fe01601a000-7fe016032000 r-xp 00000000 08:01 3937755                    /lib/x86_64-linux-gnu/libpthread-2.23.so
7fe016032000-7fe016231000 ---p 00018000 08:01 3937755                    /lib/x86_64-linux-gnu/libpthread-2.23.so
7fe016231000-7fe016232000 r--p 00017000 08:01 3937755                    /lib/x86_64-linux-gnu/libpthread-2.23.so
7fe016232000-7fe016233000 rw-p 00018000 08:01 3937755                    /lib/x86_64-linux-gnu/libpthread-2.23.so
7fe016233000-7fe016237000 rw-p 00000000 00:00 0 
7fe016237000-7fe01623a000 r-xp 00000000 08:01 3937633                    /lib/x86_64-linux-gnu/libdl-2.23.so
7fe01623a000-7fe016439000 ---p 00003000 08:01 3937633                    /lib/x86_64-linux-gnu/libdl-2.23.so
7fe016439000-7fe01643a000 r--p 00002000 08:01 3937633                    /lib/x86_64-linux-gnu/libdl-2.23.so
7fe01643a000-7fe01643b000 rw-p 00003000 08:01 3937633                    /lib/x86_64-linux-gnu/libdl-2.23.so
7fe01643b000-7fe016454000 r-xp 00000000 08:01 3933229                    /lib/x86_64-linux-gnu/libz.so.1.2.8
7fe016454000-7fe016653000 ---p 00019000 08:01 3933229                    /lib/x86_64-linux-gnu/libz.so.1.2.8
7fe016653000-7fe016654000 r--p 00018000 08:01 3933229                    /lib/x86_64-linux-gnu/libz.so.1.2.8
7fe016654000-7fe016655000 rw-p 00019000 08:01 3933229                    /lib/x86_64-linux-gnu/libz.so.1.2.8
7fe016655000-7fe016815000 r-xp 00000000 08:01 3937609                    /lib/x86_64-linux-gnu/libc-2.23.so
7fe016815000-7fe016a15000 ---p 001c0000 08:01 3937609                    /lib/x86_64-linux-gnu/libc-2.23.so
7fe016a15000-7fe016a19000 r--p 001c0000 08:01 3937609                    /lib/x86_64-linux-gnu/libc-2.23.so
7fe016a19000-7fe016a1b000 rw-p 001c4000 08:01 3937609                    /lib/x86_64-linux-gnu/libc-2.23.so
7fe016a1b000-7fe016a1f000 rw-p 00000000 00:00 0 
7fe016a1f000-7fe016a2c000 r-xp 00000000 08:01 922233                     /usr/lib/jvm/java-8-openjdk-amd64/jre/lib/amd64/jli/libjli.so
7fe016a2c000-7fe016c2c000 ---p 0000d000 08:01 922233                     /usr/lib/jvm/java-8-openjdk-amd64/jre/lib/amd64/jli/libjli.so
7fe016c2c000-7fe016c2d000 r--p 0000d000 08:01 922233                     /usr/lib/jvm/java-8-openjdk-amd64/jre/lib/amd64/jli/libjli.so
7fe016c2d000-7fe016c2e000 rw-p 0000e000 08:01 922233                     /usr/lib/jvm/java-8-openjdk-amd64/jre/lib/amd64/jli/libjli.so
7fe016c2e000-7fe016c54000 r-xp 00000000 08:01 3937581                    /lib/x86_64-linux-gnu/ld-2.23.so
7fe016c54000-7fe016c58000 r--s 0003a000 08:01 921107                     /usr/lib/jvm/java-8-openjdk-amd64/jre/lib/ext/sunpkcs11.jar
7fe016c58000-7fe016c62000 r--s 00116000 08:01 921106                     /usr/lib/jvm/java-8-openjdk-amd64/jre/lib/ext/localedata.jar
7fe016c62000-7fe016c95000 rw-p 00000000 00:00 0 
7fe016c95000-7fe016d30000 ---p 00000000 00:00 0 
7fe016d30000-7fe016d33000 ---p 00000000 00:00 0 
7fe016d33000-7fe016e35000 rw-p 00000000 00:00 0 
7fe016e35000-7fe016e36000 r--s 0000a000 08:01 921105                     /usr/lib/jvm/java-8-openjdk-amd64/jre/lib/ext/jaccess.jar
7fe016e36000-7fe016e37000 r--s 0000d000 08:01 921102                     /usr/lib/jvm/java-8-openjdk-amd64/jre/lib/ext/sunec.jar
7fe016e37000-7fe016e3c000 r--s 0003d000 08:01 921104                     /usr/lib/jvm/java-8-openjdk-amd64/jre/lib/ext/sunjce_provider.jar
7fe016e3c000-7fe016e3e000 r--s 00001000 08:01 921103                     /usr/lib/jvm/java-8-openjdk-amd64/jre/lib/ext/dnsns.jar
7fe016e3e000-7fe016e48000 rw-p 00000000 00:00 0 
7fe016e48000-7fe016e50000 rw-s 00000000 08:01 1853451                    /tmp/hsperfdata_yu/28047
7fe016e50000-7fe016e51000 rw-p 00000000 00:00 0 
7fe016e51000-7fe016e52000 ---p 00000000 00:00 0 
7fe016e52000-7fe016e53000 rw-p 00000000 00:00 0 
7fe016e53000-7fe016e54000 r--p 00025000 08:01 3937581                    /lib/x86_64-linux-gnu/ld-2.23.so
7fe016e54000-7fe016e55000 rw-p 00026000 08:01 3937581                    /lib/x86_64-linux-gnu/ld-2.23.so
7fe016e55000-7fe016e56000 rw-p 00000000 00:00 0 
7fff932c9000-7fff932ea000 rw-p 00000000 00:00 0                          [stack]
7fff933a8000-7fff933ab000 r--p 00000000 00:00 0                          [vvar]
7fff933ab000-7fff933ad000 r-xp 00000000 00:00 0                          [vdso]
ffffffffff600000-ffffffffff601000 r-xp 00000000 00:00 0                  [vsyscall]

VM Arguments:
jvm_args: -Dorg.gradle.appname=gradle 
java_command: org.gradle.launcher.GradleMain build
java_class_path (initial): /usr/share/gradle/lib/gradle-launcher-2.10.jar
Launcher Type: SUN_STANDARD

Environment Variables:
PATH=/home/yu/bin:/home/yu/.local/bin:/usr/local/sbin:/usr/local/bin:/usr/sbin:/usr/bin:/sbin:/bin:/usr/games:/usr/local/games:/snap/bin
SHELL=/bin/bash
DISPLAY=:0

Signal Handlers:
SIGSEGV: [libjvm.so+0xa7a0e0], sa_mask[0]=11111111011111111101111111111110, sa_flags=SA_RESTART|SA_SIGINFO
SIGBUS: [libjvm.so+0xa7a0e0], sa_mask[0]=11111111011111111101111111111110, sa_flags=SA_RESTART|SA_SIGINFO
SIGFPE: [libjvm.so+0x8c2e80], sa_mask[0]=11111111011111111101111111111110, sa_flags=SA_RESTART|SA_SIGINFO
SIGPIPE: [libjvm.so+0x8c2e80], sa_mask[0]=11111111011111111101111111111110, sa_flags=SA_RESTART|SA_SIGINFO
SIGXFSZ: [libjvm.so+0x8c2e80], sa_mask[0]=11111111011111111101111111111110, sa_flags=SA_RESTART|SA_SIGINFO
SIGILL: [libjvm.so+0x8c2e80], sa_mask[0]=11111111011111111101111111111110, sa_flags=SA_RESTART|SA_SIGINFO
SIGUSR1: SIG_DFL, sa_mask[0]=00000000000000000000000000000000, sa_flags=none
SIGUSR2: [libjvm.so+0x8c2d30], sa_mask[0]=00000000000000000000000000000000, sa_flags=SA_RESTART|SA_SIGINFO
SIGHUP: [libjvm.so+0x8c33c0], sa_mask[0]=11111111011111111101111111111110, sa_flags=SA_RESTART|SA_SIGINFO
SIGINT: [libjvm.so+0x8c33c0], sa_mask[0]=11111111011111111101111111111110, sa_flags=SA_RESTART|SA_SIGINFO
SIGTERM: [libjvm.so+0x8c33c0], sa_mask[0]=11111111011111111101111111111110, sa_flags=SA_RESTART|SA_SIGINFO
SIGQUIT: [libjvm.so+0x8c33c0], sa_mask[0]=11111111011111111101111111111110, sa_flags=SA_RESTART|SA_SIGINFO


---------------  S Y S T E M  ---------------

OS:DISTRIB_ID=Ubuntu
DISTRIB_RELEASE=16.04
DISTRIB_CODENAME=xenial
DISTRIB_DESCRIPTION="Ubuntu 16.04.6 LTS"

uname:Linux 4.15.0-74-generic #83~16.04.1-Ubuntu SMP Wed Dec 18 04:56:23 UTC 2019 x86_64
libc:glibc 2.23 NPTL 2.23 
rlimit: STACK 8192k, CORE 0k, NPROC 7712, NOFILE 1048576, AS infinity
load average:0.27 0.45 0.54

/proc/meminfo:
MemTotal:        2035460 kB
MemFree:           57644 kB
MemAvailable:       6336 kB
Buffers:             340 kB
Cached:            73860 kB
SwapCached:         1144 kB
Active:          1330520 kB
Inactive:         450212 kB
Active(anon):    1325496 kB
Inactive(anon):   441860 kB
Active(file):       5024 kB
Inactive(file):     8352 kB
Unevictable:          64 kB
Mlocked:              64 kB
SwapTotal:        998396 kB
SwapFree:              0 kB
Dirty:                28 kB
Writeback:             0 kB
AnonPages:       1705820 kB
Mapped:            59636 kB
Shmem:             60528 kB
Slab:              76100 kB
SReclaimable:      34424 kB
SUnreclaim:        41676 kB
KernelStack:       13488 kB
PageTables:        57936 kB
NFS_Unstable:          0 kB
Bounce:                0 kB
WritebackTmp:          0 kB
CommitLimit:     2016124 kB
Committed_AS:    8342900 kB
VmallocTotal:   34359738367 kB
VmallocUsed:           0 kB
VmallocChunk:          0 kB
HardwareCorrupted:     0 kB
AnonHugePages:         0 kB
ShmemHugePages:        0 kB
ShmemPmdMapped:        0 kB
CmaTotal:              0 kB
CmaFree:               0 kB
HugePages_Total:       0
HugePages_Free:        0
HugePages_Rsvd:        0
HugePages_Surp:        0
Hugepagesize:       2048 kB
DirectMap4k:      159664 kB
DirectMap2M:     1937408 kB

container (cgroup) information:
container_type: cgroupv1
cpu_cpuset_cpus: 0-1
cpu_memory_nodes: 0
active_processor_count: 2
cpu_quota: -1
cpu_period: 100000
cpu_shares: -1
memory_limit_in_bytes: -1
memory_and_swap_limit_in_bytes: -2
memory_soft_limit_in_bytes: -1
memory_usage_in_bytes: 1824776192
memory_max_usage_in_bytes: 0


CPU:total 2 (initial active 2) (2 cores per cpu, 1 threads per core) family 6 model 158 stepping 10, cmov, cx8, fxsr, mmx, sse, sse2, sse3, ssse3, sse4.1, sse4.2, popcnt, avx, avx2, aes, clmul, erms, 3dnowpref, lzcnt, tsc, tscinvbit, bmi1, bmi2, adx

/proc/cpuinfo:
processor	: 0
vendor_id	: GenuineIntel
cpu family	: 6
model		: 158
model name	: Intel(R) Core(TM) i7-8750H CPU @ 2.20GHz
stepping	: 10
microcode	: 0xc8
cpu MHz		: 2208.000
cache size	: 9216 KB
physical id	: 0
siblings	: 2
core id		: 0
cpu cores	: 2
apicid		: 0
initial apicid	: 0
fpu		: yes
fpu_exception	: yes
cpuid level	: 22
wp		: yes
flags		: fpu vme de pse tsc msr pae mce cx8 apic sep mtrr pge mca cmov pat pse36 clflush mmx fxsr sse sse2 ss ht syscall nx rdtscp lm constant_tsc nopl xtopology nonstop_tsc cpuid tsc_known_freq pni pclmulqdq ssse3 fma cx16 pcid sse4_1 sse4_2 x2apic movbe popcnt tsc_deadline_timer aes xsave avx f16c rdrand hypervisor lahf_lm abm 3dnowprefetch invpcid_single pti fsgsbase tsc_adjust bmi1 avx2 smep bmi2 invpcid mpx rdseed adx smap clflushopt xsaveopt xsavec xsaves dtherm arat pln pts
bugs		: cpu_meltdown spectre_v1 spectre_v2 spec_store_bypass l1tf mds swapgs itlb_multihit
bogomips	: 4416.00
clflush size	: 64
cache_alignment	: 64
address sizes	: 36 bits physical, 48 bits virtual
power management:

processor	: 1
vendor_id	: GenuineIntel
cpu family	: 6
model		: 158
model name	: Intel(R) Core(TM) i7-8750H CPU @ 2.20GHz
stepping	: 10
microcode	: 0xc8
cpu MHz		: 2208.000
cache size	: 9216 KB
physical id	: 0
siblings	: 2
core id		: 1
cpu cores	: 2
apicid		: 1
initial apicid	: 1
fpu		: yes
fpu_exception	: yes
cpuid level	: 22
wp		: yes
flags		: fpu vme de pse tsc msr pae mce cx8 apic sep mtrr pge mca cmov pat pse36 clflush mmx fxsr sse sse2 ss ht syscall nx rdtscp lm constant_tsc nopl xtopology nonstop_tsc cpuid tsc_known_freq pni pclmulqdq ssse3 fma cx16 pcid sse4_1 sse4_2 x2apic movbe popcnt tsc_deadline_timer aes xsave avx f16c rdrand hypervisor lahf_lm abm 3dnowprefetch invpcid_single pti fsgsbase tsc_adjust bmi1 avx2 smep bmi2 invpcid mpx rdseed adx smap clflushopt xsaveopt xsavec xsaves dtherm arat pln pts
bugs		: cpu_meltdown spectre_v1 spectre_v2 spec_store_bypass l1tf mds swapgs itlb_multihit
bogomips	: 4416.00
clflush size	: 64
cache_alignment	: 64
address sizes	: 36 bits physical, 48 bits virtual
power management:



Memory: 4k page, physical 2035460k(56404k free), swap 998396k(0k free)

vm_info: OpenJDK 64-Bit Server VM (25.232-b09) for linux-amd64 JRE (1.8.0_232-8u232-b09-0ubuntu1~16.04.1-b09), built on Oct 16 2019 22:12:35 by "buildd" with gcc 5.4.0 20160609

time: Mon Jan 27 15:28:53 2020
timezone: PST
elapsed time: 2 seconds (0d 0h 0m 2s)

