#
# There is insufficient memory for the Java Runtime Environment to continue.
# Native memory allocation (mmap) failed to map 38797312 bytes for committing reserved memory.
# Possible reasons:
#   The system is out of physical RAM or swap space
#   The process is running with CompressedOops enabled, and the Java Heap may be blocking the growth of the native heap
# Possible solutions:
#   Reduce memory load on the system
#   Increase physical memory or swap space
#   Check if swap backing store is full
#   Decrease Java heap size (-Xmx/-Xms)
#   Decrease number of Java threads
#   Decrease Java thread stack sizes (-Xss)
#   Set larger code cache with -XX:ReservedCodeCacheSize=
#   JVM is running with Unscaled Compressed Oops mode in which the Java heap is
#     placed in the first 4GB address space. The Java Heap base address is the
#     maximum limit for the native heap growth. Please use -XX:HeapBaseMinAddress
#     to set the Java Heap base and to place the Java Heap above 4GB virtual address.
# This output file may be truncated or incomplete.
#
#  Out of Memory Error (os_linux.cpp:2757), pid=27282, tid=0x00007f954aff7700
#
# JRE version: OpenJDK Runtime Environment (8.0_232-b09) (build 1.8.0_232-8u232-b09-0ubuntu1~16.04.1-b09)
# Java VM: OpenJDK 64-Bit Server VM (25.232-b09 mixed mode linux-amd64 compressed oops)
# Failed to write core dump. Core dumps have been disabled. To enable core dumping, try "ulimit -c unlimited" before starting Java again
#

---------------  T H R E A D  ---------------

Current thread (0x00007f9560074000):  VMThread [stack: 0x00007f954aef7000,0x00007f954aff8000] [id=27297]

Stack: [0x00007f954aef7000,0x00007f954aff8000],  sp=0x00007f954aff6490,  free space=1021k
Native frames: (J=compiled Java code, j=interpreted, Vv=VM code, C=native code)
V  [libjvm.so+0xa7957b]
V  [libjvm.so+0x4cc33c]
V  [libjvm.so+0x8c7e18]
V  [libjvm.so+0x8bf45e]
V  [libjvm.so+0x93d176]
V  [libjvm.so+0x93e4a3]
V  [libjvm.so+0x93ab84]
V  [libjvm.so+0x9339d9]
V  [libjvm.so+0x44ecd3]
V  [libjvm.so+0xa7ab19]
V  [libjvm.so+0xa80287]
V  [libjvm.so+0xa7dae7]
V  [libjvm.so+0xa7edcf]
V  [libjvm.so+0xa7f2f2]
V  [libjvm.so+0x8c5172]

VM_Operation (0x00007f954a131c60): CollectForMetadataAllocation, mode: safepoint, requested by thread 0x00007f95600b7800


---------------  P R O C E S S  ---------------

Java Threads: ( => current thread )
  0x00007f95600d4800 JavaThread "Service Thread" daemon [_thread_blocked, id=27306, stack(0x00007f9549f32000,0x00007f954a033000)]
  0x00007f95600b7800 JavaThread "C1 CompilerThread1" daemon [_thread_blocked, id=27305, stack(0x00007f954a033000,0x00007f954a134000)]
  0x00007f95600b4800 JavaThread "C2 CompilerThread0" daemon [_thread_blocked, id=27304, stack(0x00007f954a134000,0x00007f954a235000)]
  0x00007f95600b3000 JavaThread "Signal Dispatcher" daemon [_thread_blocked, id=27303, stack(0x00007f954a235000,0x00007f954a336000)]
  0x00007f9560080800 JavaThread "Finalizer" daemon [_thread_blocked, id=27299, stack(0x00007f954acf5000,0x00007f954adf6000)]
  0x00007f956007e000 JavaThread "Reference Handler" daemon [_thread_blocked, id=27298, stack(0x00007f954adf6000,0x00007f954aef7000)]
  0x00007f956000a800 JavaThread "main" [_thread_blocked, id=27294, stack(0x00007f9568185000,0x00007f9568286000)]

Other Threads:
=>0x00007f9560074000 VMThread [stack: 0x00007f954aef7000,0x00007f954aff8000] [id=27297]
  0x00007f95600d6800 WatcherThread [stack: 0x00007f9549e31000,0x00007f9549f32000] [id=27307]

VM state:at safepoint (normal execution)

VM Mutex/Monitor currently owned by a thread:  ([mutex/lock_event])
[0x00007f9560006fe0] Threads_lock - owner thread: 0x00007f9560074000
[0x00007f95600074e0] Heap_lock - owner thread: 0x00007f95600b7800
[0x00007f9560007a60] MethodData_lock - owner thread: 0x00007f95600b7800

heap address: 0x00000000e0e00000, size: 498 MB, Compressed Oops mode: 32-bit
Narrow klass base: 0x0000000000000000, Narrow klass shift: 3
Compressed class space size: 1073741824 Address: 0x0000000100000000

Heap:
 PSYoungGen      total 72704K, used 4667K [0x00000000f5a00000, 0x00000000faa00000, 0x0000000100000000)
  eden space 65024K, 0% used [0x00000000f5a00000,0x00000000f5a00000,0x00000000f9980000)
  from space 7680K, 60% used [0x00000000f9980000,0x00000000f9e0ecf8,0x00000000fa100000)
  to   space 6144K, 0% used [0x00000000fa100000,0x00000000fa100000,0x00000000fa700000)
 ParOldGen       total 22016K, used 13353K [0x00000000e0e00000, 0x00000000e2380000, 0x00000000f5a00000)
  object space 22016K, 60% used [0x00000000e0e00000,0x00000000e1b0a4f0,0x00000000e2380000)
 Metaspace       used 21036K, capacity 21194K, committed 21296K, reserved 1067008K
  class space    used 2837K, capacity 2899K, committed 2944K, reserved 1048576K

Card table byte_map: [0x00007f9564733000,0x00007f956482d000] byte_map_base: 0x00007f956402c000

Marking Bits: (ParMarkBitMap*) 0x00007f9567452560
 Begin Bits: [0x00007f9550070000, 0x00007f9550838000)
 End Bits:   [0x00007f9550838000, 0x00007f9551000000)

Polling page: 0x00007f95682a6000

CodeCache: size=245760Kb used=6245Kb max_used=6267Kb free=239514Kb
 bounds [0x00007f9551000000, 0x00007f9551630000, 0x00007f9560000000]
 total_blobs=2120 nmethods=1519 adapters=515
 compilation: enabled

Compilation events (10 events):
Event: 5.286 Thread 0x00007f95600b4800 1524       4       java.lang.reflect.Method::<init> (68 bytes)
Event: 5.299 Thread 0x00007f95600b7800 1526       3       org.objectweb.asm.ClassWriter::visitMethod (24 bytes)
Event: 5.304 Thread 0x00007f95600b7800 nmethod 1526 0x00007f9551603e10 code [0x00007f9551603f80, 0x00007f95516041a8]
Event: 5.304 Thread 0x00007f95600b7800 1533   !   3       java.util.Locale::getDefault (132 bytes)
Event: 5.305 Thread 0x00007f95600b7800 nmethod 1533 0x00007f95516031d0 code [0x00007f95516033a0, 0x00007f9551603bb8]
Event: 5.305 Thread 0x00007f95600b7800 1531       3       java.lang.String::format (16 bytes)
Event: 5.305 Thread 0x00007f95600b7800 nmethod 1531 0x00007f95515fe390 code [0x00007f95515fe5c0, 0x00007f95515ff178]
Event: 5.305 Thread 0x00007f95600b7800 1532       3       java.util.Formatter::<init> (18 bytes)
Event: 5.306 Thread 0x00007f95600b7800 nmethod 1532 0x00007f95515fd790 code [0x00007f95515fd960, 0x00007f95515fe008]
Event: 5.306 Thread 0x00007f95600b7800 1527       3       org.objectweb.asm.MethodWriter::<init> (268 bytes)

GC Heap History (10 events):
Event: 0.819 GC heap after
Heap after GC invocations=4 (full 0):
 PSYoungGen      total 18432K, used 1008K [0x00000000f5a00000, 0x00000000f6d00000, 0x0000000100000000)
  eden space 17408K, 0% used [0x00000000f5a00000,0x00000000f5a00000,0x00000000f6b00000)
  from space 1024K, 98% used [0x00000000f6c00000,0x00000000f6cfc030,0x00000000f6d00000)
  to   space 1024K, 0% used [0x00000000f6b00000,0x00000000f6b00000,0x00000000f6c00000)
 ParOldGen       total 22016K, used 4319K [0x00000000e0e00000, 0x00000000e2380000, 0x00000000f5a00000)
  object space 22016K, 19% used [0x00000000e0e00000,0x00000000e1237ed0,0x00000000e2380000)
 Metaspace       used 7243K, capacity 7424K, committed 7424K, reserved 1056768K
  class space    used 928K, capacity 1024K, committed 1024K, reserved 1048576K
}
Event: 1.041 GC heap before
{Heap before GC invocations=5 (full 0):
 PSYoungGen      total 18432K, used 18416K [0x00000000f5a00000, 0x00000000f6d00000, 0x0000000100000000)
  eden space 17408K, 100% used [0x00000000f5a00000,0x00000000f6b00000,0x00000000f6b00000)
  from space 1024K, 98% used [0x00000000f6c00000,0x00000000f6cfc030,0x00000000f6d00000)
  to   space 1024K, 0% used [0x00000000f6b00000,0x00000000f6b00000,0x00000000f6c00000)
 ParOldGen       total 22016K, used 4319K [0x00000000e0e00000, 0x00000000e2380000, 0x00000000f5a00000)
  object space 22016K, 19% used [0x00000000e0e00000,0x00000000e1237ed0,0x00000000e2380000)
 Metaspace       used 9297K, capacity 9504K, committed 9600K, reserved 1056768K
  class space    used 1241K, capacity 1312K, committed 1408K, reserved 1048576K
Event: 1.044 GC heap after
Heap after GC invocations=5 (full 0):
 PSYoungGen      total 18432K, used 1008K [0x00000000f5a00000, 0x00000000f8200000, 0x0000000100000000)
  eden space 17408K, 0% used [0x00000000f5a00000,0x00000000f5a00000,0x00000000f6b00000)
  from space 1024K, 98% used [0x00000000f6b00000,0x00000000f6bfc030,0x00000000f6c00000)
  to   space 3072K, 0% used [0x00000000f7f00000,0x00000000f7f00000,0x00000000f8200000)
 ParOldGen       total 22016K, used 6184K [0x00000000e0e00000, 0x00000000e2380000, 0x00000000f5a00000)
  object space 22016K, 28% used [0x00000000e0e00000,0x00000000e140a1e0,0x00000000e2380000)
 Metaspace       used 9297K, capacity 9504K, committed 9600K, reserved 1056768K
  class space    used 1241K, capacity 1312K, committed 1408K, reserved 1048576K
}
Event: 1.365 GC heap before
{Heap before GC invocations=6 (full 0):
 PSYoungGen      total 18432K, used 18416K [0x00000000f5a00000, 0x00000000f8200000, 0x0000000100000000)
  eden space 17408K, 100% used [0x00000000f5a00000,0x00000000f6b00000,0x00000000f6b00000)
  from space 1024K, 98% used [0x00000000f6b00000,0x00000000f6bfc030,0x00000000f6c00000)
  to   space 3072K, 0% used [0x00000000f7f00000,0x00000000f7f00000,0x00000000f8200000)
 ParOldGen       total 22016K, used 6184K [0x00000000e0e00000, 0x00000000e2380000, 0x00000000f5a00000)
  object space 22016K, 28% used [0x00000000e0e00000,0x00000000e140a1e0,0x00000000e2380000)
 Metaspace       used 13614K, capacity 13792K, committed 13952K, reserved 1060864K
  class space    used 1758K, capacity 1824K, committed 1920K, reserved 1048576K
Event: 1.373 GC heap after
Heap after GC invocations=6 (full 0):
 PSYoungGen      total 36352K, used 3056K [0x00000000f5a00000, 0x00000000f8500000, 0x0000000100000000)
  eden space 33280K, 0% used [0x00000000f5a00000,0x00000000f5a00000,0x00000000f7a80000)
  from space 3072K, 99% used [0x00000000f7f00000,0x00000000f81fc030,0x00000000f8200000)
  to   space 4608K, 0% used [0x00000000f7a80000,0x00000000f7a80000,0x00000000f7f00000)
 ParOldGen       total 22016K, used 7789K [0x00000000e0e00000, 0x00000000e2380000, 0x00000000f5a00000)
  object space 22016K, 35% used [0x00000000e0e00000,0x00000000e159b520,0x00000000e2380000)
 Metaspace       used 13614K, capacity 13792K, committed 13952K, reserved 1060864K
  class space    used 1758K, capacity 1824K, committed 1920K, reserved 1048576K
}
Event: 1.776 GC heap before
{Heap before GC invocations=7 (full 0):
 PSYoungGen      total 36352K, used 36336K [0x00000000f5a00000, 0x00000000f8500000, 0x0000000100000000)
  eden space 33280K, 100% used [0x00000000f5a00000,0x00000000f7a80000,0x00000000f7a80000)
  from space 3072K, 99% used [0x00000000f7f00000,0x00000000f81fc030,0x00000000f8200000)
  to   space 4608K, 0% used [0x00000000f7a80000,0x00000000f7a80000,0x00000000f7f00000)
 ParOldGen       total 22016K, used 7789K [0x00000000e0e00000, 0x00000000e2380000, 0x00000000f5a00000)
  object space 22016K, 35% used [0x00000000e0e00000,0x00000000e159b520,0x00000000e2380000)
 Metaspace       used 17027K, capacity 17266K, committed 17536K, reserved 1064960K
  class space    used 2271K, capacity 2341K, committed 2432K, reserved 1048576K
Event: 1.797 GC heap after
Heap after GC invocations=7 (full 0):
 PSYoungGen      total 37888K, used 4582K [0x00000000f5a00000, 0x00000000fa700000, 0x0000000100000000)
  eden space 33280K, 0% used [0x00000000f5a00000,0x00000000f5a00000,0x00000000f7a80000)
  from space 4608K, 99% used [0x00000000f7a80000,0x00000000f7ef9bb0,0x00000000f7f00000)
  to   space 6144K, 0% used [0x00000000fa100000,0x00000000fa100000,0x00000000fa700000)
 ParOldGen       total 22016K, used 10114K [0x00000000e0e00000, 0x00000000e2380000, 0x00000000f5a00000)
  object space 22016K, 45% used [0x00000000e0e00000,0x00000000e17e0a18,0x00000000e2380000)
 Metaspace       used 17027K, capacity 17266K, committed 17536K, reserved 1064960K
  class space    used 2271K, capacity 2341K, committed 2432K, reserved 1048576K
}
Event: 2.348 GC heap before
{Heap before GC invocations=8 (full 0):
 PSYoungGen      total 37888K, used 37862K [0x00000000f5a00000, 0x00000000fa700000, 0x0000000100000000)
  eden space 33280K, 100% used [0x00000000f5a00000,0x00000000f7a80000,0x00000000f7a80000)
  from space 4608K, 99% used [0x00000000f7a80000,0x00000000f7ef9bb0,0x00000000f7f00000)
  to   space 6144K, 0% used [0x00000000fa100000,0x00000000fa100000,0x00000000fa700000)
 ParOldGen       total 22016K, used 10114K [0x00000000e0e00000, 0x00000000e2380000, 0x00000000f5a00000)
  object space 22016K, 45% used [0x00000000e0e00000,0x00000000e17e0a18,0x00000000e2380000)
 Metaspace       used 19752K, capacity 19972K, committed 20224K, reserved 1067008K
  class space    used 2634K, capacity 2706K, committed 2816K, reserved 1048576K
Event: 2.392 GC heap after
Heap after GC invocations=8 (full 0):
 PSYoungGen      total 71168K, used 6121K [0x00000000f5a00000, 0x00000000faa00000, 0x0000000100000000)
  eden space 65024K, 0% used [0x00000000f5a00000,0x00000000f5a00000,0x00000000f9980000)
  from space 6144K, 99% used [0x00000000fa100000,0x00000000fa6fa790,0x00000000fa700000)
  to   space 7680K, 0% used [0x00000000f9980000,0x00000000f9980000,0x00000000fa100000)
 ParOldGen       total 22016K, used 11312K [0x00000000e0e00000, 0x00000000e2380000, 0x00000000f5a00000)
  object space 22016K, 51% used [0x00000000e0e00000,0x00000000e190c318,0x00000000e2380000)
 Metaspace       used 19752K, capacity 19972K, committed 20224K, reserved 1067008K
  class space    used 2634K, capacity 2706K, committed 2816K, reserved 1048576K
}
Event: 5.308 GC heap before
{Heap before GC invocations=9 (full 0):
 PSYoungGen      total 71168K, used 24974K [0x00000000f5a00000, 0x00000000faa00000, 0x0000000100000000)
  eden space 65024K, 28% used [0x00000000f5a00000,0x00000000f6c693f8,0x00000000f9980000)
  from space 6144K, 99% used [0x00000000fa100000,0x00000000fa6fa790,0x00000000fa700000)
  to   space 7680K, 0% used [0x00000000f9980000,0x00000000f9980000,0x00000000fa100000)
 ParOldGen       total 22016K, used 11312K [0x00000000e0e00000, 0x00000000e2380000, 0x00000000f5a00000)
  object space 22016K, 51% used [0x00000000e0e00000,0x00000000e190c318,0x00000000e2380000)
 Metaspace       used 21036K, capacity 21194K, committed 21296K, reserved 1067008K
  class space    used 2837K, capacity 2899K, committed 2944K, reserved 1048576K

Deoptimization events (10 events):
Event: 1.632 Thread 0x00007f956000a800 Uncommon trap: reason=unstable_if action=reinterpret pc=0x00007f95512a1c9c method=java.io.UnixFileSystem.normalize(Ljava/lang/String;)Ljava/lang/String; @ 60
Event: 1.632 Thread 0x00007f956000a800 Uncommon trap: reason=class_check action=maybe_recompile pc=0x00007f9551373698 method=sun.misc.URLClassPath.getLoader(I)Lsun/misc/URLClassPath$Loader; @ 94
Event: 1.633 Thread 0x00007f956000a800 Uncommon trap: reason=class_check action=maybe_recompile pc=0x00007f95512f56e8 method=sun.misc.URLClassPath.getResource(Ljava/lang/String;Z)Lsun/misc/Resource; @ 62
Event: 1.633 Thread 0x00007f956000a800 Uncommon trap: reason=unstable_if action=reinterpret pc=0x00007f9551319e80 method=sun.net.www.ParseUtil.encodePath(Ljava/lang/String;Z)Ljava/lang/String; @ 109
Event: 1.634 Thread 0x00007f956000a800 Uncommon trap: reason=bimorphic action=maybe_recompile pc=0x00007f95513d8194 method=java.lang.ClassLoader.loadClass(Ljava/lang/String;Z)Ljava/lang/Class; @ 38
Event: 1.634 Thread 0x00007f956000a800 Uncommon trap: reason=bimorphic action=maybe_recompile pc=0x00007f95513d8194 method=java.lang.ClassLoader.loadClass(Ljava/lang/String;Z)Ljava/lang/Class; @ 38
Event: 1.645 Thread 0x00007f956000a800 Uncommon trap: reason=class_check action=maybe_recompile pc=0x00007f95513737dc method=sun.misc.URLClassPath.getLoader(I)Lsun/misc/URLClassPath$Loader; @ 239
Event: 1.651 Thread 0x00007f956000a800 Uncommon trap: reason=class_check action=maybe_recompile pc=0x00007f95513737dc method=sun.misc.URLClassPath.getLoader(I)Lsun/misc/URLClassPath$Loader; @ 239
Event: 2.223 Thread 0x00007f956000a800 Uncommon trap: reason=class_check action=maybe_recompile pc=0x00007f9551373698 method=sun.misc.URLClassPath.getLoader(I)Lsun/misc/URLClassPath$Loader; @ 94
Event: 3.567 Thread 0x00007f956000a800 Uncommon trap: reason=unstable_if action=reinterpret pc=0x00007f955127763c method=java.io.UnixFileSystem.resolve(Ljava/lang/String;Ljava/lang/String;)Ljava/lang/String; @ 18

Classes redefined (0 events):
No events

Internal exceptions (10 events):
Event: 2.235 Thread 0x00007f956000a800 Exception <a 'java/lang/ClassNotFoundException': build_6zqfaj3kue15bqg6nd0b24jvqBeanInfo> (0x00000000f77a0208) thrown at [/build/openjdk-8-0nmX93/openjdk-8-8u232-b09/src/hotspot/src/share/vm/classfile/systemDictionary.cpp, line 210]
Event: 2.236 Thread 0x00007f956000a800 Exception <a 'java/lang/ClassNotFoundException': org/gradle/api/internal/project/ProjectScriptBeanInfo> (0x00000000f77af750) thrown at [/build/openjdk-8-0nmX93/openjdk-8-8u232-b09/src/hotspot/src/share/vm/classfile/systemDictionary.cpp, line 210]
Event: 2.237 Thread 0x00007f956000a800 Exception <a 'java/lang/ClassNotFoundException': org/gradle/api/internal/project/ProjectScriptCustomizer> (0x00000000f77bf078) thrown at [/build/openjdk-8-0nmX93/openjdk-8-8u232-b09/src/hotspot/src/share/vm/classfile/systemDictionary.cpp, line 210]
Event: 2.239 Thread 0x00007f956000a800 Exception <a 'java/lang/ClassNotFoundException': build_6zqfaj3kue15bqg6nd0b24jvqCustomizer> (0x00000000f77ddcc8) thrown at [/build/openjdk-8-0nmX93/openjdk-8-8u232-b09/src/hotspot/src/share/vm/classfile/systemDictionary.cpp, line 210]
Event: 2.282 Thread 0x00007f956000a800 Exception <a 'java/lang/ClassNotFoundException': org/gradle/api/internal/plugins/DefaultObjectConfigurationActionBeanInfo> (0x00000000f78530f8) thrown at [/build/openjdk-8-0nmX93/openjdk-8-8u232-b09/src/hotspot/src/share/vm/classfile/systemDictionary.cpp,
Event: 2.285 Thread 0x00007f956000a800 Exception <a 'java/lang/ClassNotFoundException': org/gradle/api/internal/plugins/DefaultObjectConfigurationActionCustomizer> (0x00000000f787c660) thrown at [/build/openjdk-8-0nmX93/openjdk-8-8u232-b09/src/hotspot/src/share/vm/classfile/systemDictionary.cp
Event: 2.288 Thread 0x00007f956000a800 Exception <a 'java/lang/ClassNotFoundException': org/gradle/api/plugins/ObjectConfigurationActionBeanInfo> (0x00000000f78b4708) thrown at [/build/openjdk-8-0nmX93/openjdk-8-8u232-b09/src/hotspot/src/share/vm/classfile/systemDictionary.cpp, line 210]
Event: 2.289 Thread 0x00007f956000a800 Exception <a 'java/lang/ClassNotFoundException': org/gradle/api/plugins/ObjectConfigurationActionCustomizer> (0x00000000f78d7088) thrown at [/build/openjdk-8-0nmX93/openjdk-8-8u232-b09/src/hotspot/src/share/vm/classfile/systemDictionary.cpp, line 210]
Event: 3.076 Thread 0x00007f956000a800 Exception <a 'java/lang/ClassNotFoundException': org/gradle/api/plugins/BasePluginConventionBeanInfo> (0x00000000f5bb4770) thrown at [/build/openjdk-8-0nmX93/openjdk-8-8u232-b09/src/hotspot/src/share/vm/classfile/systemDictionary.cpp, line 210]
Event: 3.077 Thread 0x00007f956000a800 Exception <a 'java/lang/ClassNotFoundException': org/gradle/api/plugins/BasePluginConventionCustomizer> (0x00000000f5be71f8) thrown at [/build/openjdk-8-0nmX93/openjdk-8-8u232-b09/src/hotspot/src/share/vm/classfile/systemDictionary.cpp, line 210]

Events (10 events):
Event: 5.277 loading class org/gradle/api/artifacts/PublishArtifactSet done
Event: 5.280 loading class org/gradle/api/internal/file/FileSystemSubset$Builder
Event: 5.280 loading class org/gradle/api/internal/file/FileSystemSubset$Builder done
Event: 5.282 loading class org/gradle/api/artifacts/Configuration$State
Event: 5.282 loading class org/gradle/api/artifacts/Configuration$State done
Event: 5.288 loading class org/gradle/api/file/FileCollection$AntType
Event: 5.288 loading class org/gradle/api/file/FileCollection$AntType done
Event: 5.304 loading class org/gradle/api/internal/artifacts/configurations/DefaultConfiguration$ConfigurationResolvableDependencies
Event: 5.304 loading class org/gradle/api/internal/artifacts/configurations/DefaultConfiguration$ConfigurationResolvableDependencies done
Event: 5.308 Executing VM operation: CollectForMetadataAllocation


Dynamic libraries:
00400000-00401000 r-xp 00000000 08:01 922276                             /usr/lib/jvm/java-8-openjdk-amd64/jre/bin/java
00600000-00601000 r--p 00000000 08:01 922276                             /usr/lib/jvm/java-8-openjdk-amd64/jre/bin/java
00601000-00602000 rw-p 00001000 08:01 922276                             /usr/lib/jvm/java-8-openjdk-amd64/jre/bin/java
01906000-01927000 rw-p 00000000 00:00 0                                  [heap]
e0e00000-e2380000 rw-p 00000000 00:00 0 
e2380000-f5a00000 ---p 00000000 00:00 0 
f5a00000-faa00000 rw-p 00000000 00:00 0 
fcf00000-100000000 ---p 00000000 00:00 0 
100000000-1002e0000 rw-p 00000000 00:00 0 
1002e0000-140000000 ---p 00000000 00:00 0 
7f9520fff000-7f9524000000 rw-p 00000000 00:00 0 
7f9524000000-7f9524021000 rw-p 00000000 00:00 0 
7f9524021000-7f9528000000 ---p 00000000 00:00 0 
7f9528000000-7f9528021000 rw-p 00000000 00:00 0 
7f9528021000-7f952c000000 ---p 00000000 00:00 0 
7f952c000000-7f952db73000 rw-p 00000000 00:00 0 
7f952db73000-7f9530000000 ---p 00000000 00:00 0 
7f9530000000-7f95307aa000 rw-p 00000000 00:00 0 
7f95307aa000-7f9534000000 ---p 00000000 00:00 0 
7f9534000000-7f9534021000 rw-p 00000000 00:00 0 
7f9534021000-7f9538000000 ---p 00000000 00:00 0 
7f9538000000-7f9538021000 rw-p 00000000 00:00 0 
7f9538021000-7f953c000000 ---p 00000000 00:00 0 
7f953c000000-7f953c021000 rw-p 00000000 00:00 0 
7f953c021000-7f9540000000 ---p 00000000 00:00 0 
7f9540000000-7f9540021000 rw-p 00000000 00:00 0 
7f9540021000-7f9544000000 ---p 00000000 00:00 0 
7f9544000000-7f9544021000 rw-p 00000000 00:00 0 
7f9544021000-7f9548000000 ---p 00000000 00:00 0 
7f9548278000-7f9548464000 rw-p 00000000 00:00 0 
7f9548464000-7f9548478000 ---p 00000000 00:00 0 
7f9548478000-7f9548678000 rw-p 00000000 00:00 0 
7f9548678000-7f9548878000 rw-p 00000000 00:00 0 
7f9548878000-7f9548a78000 rw-p 00000000 00:00 0 
7f9548a78000-7f9548af2000 r--s 01103000 08:01 934508                     /usr/lib/jvm/java-8-openjdk-amd64/lib/tools.jar
7f9548af2000-7f9548cf2000 rw-p 00000000 00:00 0 
7f9548cf2000-7f9548cf4000 r--s 00005000 08:01 1319329                    /usr/share/java/gradle-tooling-api-builders-2.10.jar
7f9548cf4000-7f9548cf5000 r--s 00004000 08:01 1319309                    /usr/share/java/gradle-resources-sftp-2.10.jar
7f9548cf5000-7f9548cf6000 r--s 00001000 08:01 1319307                    /usr/share/java/gradle-plugin-development-2.10.jar
7f9548cf6000-7f9548cf8000 r--s 00005000 08:01 1319333                    /usr/share/java/gradle-testing-native-2.10.jar
7f9548cf8000-7f9548cfc000 r--s 0002b000 08:01 1319310                    /usr/share/java/gradle-ide-native-2.10.jar
7f9548cfc000-7f9548d01000 r--s 0001a000 08:01 1319318                    /usr/share/java/gradle-language-native-2.10.jar
7f9548d01000-7f9548d07000 r--s 00027000 08:01 1319311                    /usr/share/java/gradle-platform-play-2.10.jar
7f9548d07000-7f9548d14000 r--s 0004f000 08:01 1319322                    /usr/share/java/gradle-platform-native-2.10.jar
7f9548d14000-7f9548d17000 r--s 00007000 08:01 1319313                    /usr/share/java/gradle-language-scala-2.10.jar
7f9548d17000-7f9548d19000 r--s 00009000 08:01 1319315                    /usr/share/java/gradle-language-groovy-2.10.jar
7f9548d19000-7f9548d1f000 r--s 00023000 08:01 1319323                    /usr/share/java/gradle-language-java-2.10.jar
7f9548d1f000-7f9548d21000 r--s 00008000 08:01 1319326                    /usr/share/java/gradle-language-jvm-2.10.jar
7f9548d21000-7f9548d24000 r--s 00015000 08:01 1319336                    /usr/share/java/gradle-platform-jvm-2.10.jar
7f9548d24000-7f9548d2c000 r--s 0002b000 08:01 1319332                    /usr/share/java/gradle-platform-base-2.10.jar
7f9548d2c000-7f9548d30000 r--s 00020000 08:01 1319327                    /usr/share/java/gradle-build-init-2.10.jar
7f9548d30000-7f9548d33000 r--s 00017000 08:01 1319337                    /usr/share/java/gradle-jacoco-2.10.jar
7f9548d33000-7f9548d36000 r--s 0000e000 08:01 1319319                    /usr/share/java/gradle-ivy-2.10.jar
7f9548d36000-7f9548d38000 r--s 00002000 08:01 1319304                    /usr/share/java/gradle-publish-2.10.jar
7f9548d38000-7f9548d3a000 r--s 00011000 08:01 1319334                    /usr/share/java/gradle-reporting-2.10.jar
7f9548d3a000-7f9548d40000 r--s 00036000 08:01 1319317                    /usr/share/java/gradle-diagnostics-2.10.jar
7f9548d40000-7f9548d41000 r--s 00006000 08:01 1318859                    /usr/share/java/gradle-wrapper-2.10.jar
7f9548d41000-7f9548d4d000 r--s 0003a000 08:01 1318863                    /usr/share/java/gradle-tooling-api-2.10.jar
7f9548d4d000-7f9548d50000 r--s 00015000 08:01 1319336                    /usr/share/java/gradle-platform-jvm-2.10.jar
7f9548d50000-7f9548d52000 r--s 00008000 08:01 1319326                    /usr/share/java/gradle-language-jvm-2.10.jar
7f9548d52000-7f9548d58000 r--s 00023000 08:01 1319323                    /usr/share/java/gradle-language-java-2.10.jar
7f9548d58000-7f9548d5a000 r--s 00009000 08:01 1319315                    /usr/share/java/gradle-language-groovy-2.10.jar
7f9548d5a000-7f9548d5c000 r--s 00005000 08:01 1318903                    /usr/share/java/jatl.jar
7f9548d5c000-7f9548d5e000 r--s 00011000 08:01 1319334                    /usr/share/java/gradle-reporting-2.10.jar
7f9548d5e000-7f9548d66000 r--s 0002b000 08:01 1319332                    /usr/share/java/gradle-platform-base-2.10.jar
7f9548d66000-7f9548d6c000 r--s 00036000 08:01 1319317                    /usr/share/java/gradle-diagnostics-2.10.jar
7f9548d6c000-7f9548d87000 r--s 000c9000 08:01 1319330                    /usr/share/java/gradle-dependency-management-2.10.jar
7f9548d87000-7f9548d93000 r--s 00073000 08:01 1319320                    /usr/share/java/gradle-plugins-2.10.jar
7f9548d93000-7f9548d95000 r--s 0000b000 08:01 1319338                    /usr/share/java/gradle-ear-2.10.jar
7f9548d95000-7f9548dcc000 r--s 001bb000 08:01 1318851                    /usr/share/java/gradle-core-2.10.jar
7f9548dcc000-7f9548dd3000 r--s 0002d000 08:01 1319316                    /usr/share/java/gradle-build-comparison-2.10.jar
7f9548dd3000-7f9548de0000 r--s 0010b000 08:01 1319248                    /usr/share/java/js-1.7R4.jar
7f9548de0000-7f9548de4000 r--s 00015000 08:01 1319321                    /usr/share/java/gradle-javascript-2.10.jar
7f9548de4000-7f9548de6000 r--s 0000b000 08:01 1319338                    /usr/share/java/gradle-ear-2.10.jar
7f9548de6000-7f9548ded000 r--s 00034000 08:01 1318897                    /usr/share/java/bcpg-1.51.jar
7f9548ded000-7f9548df0000 r--s 00016000 08:01 1319312                    /usr/share/java/gradle-signing-2.10.jar
7f9548df0000-7f9548df2000 r--s 00010000 08:01 1319339                    /usr/share/java/gradle-scala-2.10.jar
7f9548df2000-7f9548df4000 r--s 0000a000 08:01 1319308                    /usr/share/java/gradle-announce-2.10.jar
7f9548df4000-7f9548e02000 r--s 0009f000 08:01 1319335                    /usr/share/java/gradle-ide-2.10.jar
7f9548e02000-7f9548e04000 r--s 0000d000 08:01 1319245                    /usr/share/java/pmaven-groovy-0.8-tobrien-SNAPSHOT.jar
7f9548e04000-7f9548e05000 r--s 00004000 08:01 1319244                    /usr/share/java/pmaven-common-0.8-tobrien-SNAPSHOT.jar
7f9548e05000-7f9548e0b000 r--s 00022000 08:01 1319314                    /usr/share/java/gradle-maven-2.10.jar
7f9548e0b000-7f9548e2b000 r--s 001b8000 08:01 1318655                    /usr/share/java/bndlib-2.4.1.jar
7f9548e2b000-7f9548e2d000 r--s 00004000 08:01 1319305                    /usr/share/java/gradle-osgi-2.10.jar
7f9548e2d000-7f9548e2f000 r--s 00008000 08:01 1319306                    /usr/share/java/gradle-antlr-2.10.jar
7f9548e2f000-7f9548e31000 r--s 00005000 08:01 1318986                    /usr/share/java/jetty-naming-6.1.26.jar
7f9548e31000-7f9548e32000 r--s 00002000 08:01 1318988                    /usr/share/java/jetty-annotations-6.1.26.jar
7f9548e32000-7f9548e35000 r--s 0000d000 08:01 1318647                    /usr/share/java/jsp-api-2.3.jar
7f9548e35000-7f9548e37000 r--s 00012000 08:01 1318645                    /usr/share/java/el-api-3.0.jar
7f9548e37000-7f9548e47000 r--s 00194000 08:01 1318937                    /usr/share/java/eclipse-ecj-3.10.0.jar
7f9548e47000-7f9548e4e000 r--s 00089000 08:01 1319251                    /usr/share/java/tomcat8-jasper-8.0.32.jar
7f9548e4e000-7f9548e4f000 r--s 00002000 08:01 1318982                    /usr/share/java/geronimo-jta_1.1_spec-1.1.1.jar
7f9548e4f000-7f9548e58000 r--s 0008b000 08:01 1318923                    /usr/share/java/javax.mail.jar
7f9548e58000-7f9548e5a000 r--s 0000c000 08:01 1318987                    /usr/share/java/jetty-plus-6.1.26.jar
7f9548e5a000-7f9548e5e000 r--s 00038000 08:01 1318644                    /usr/share/java/servlet-api-3.1.jar
7f9548e5e000-7f9548e61000 r--s 00028000 08:01 1318906                    /usr/share/java/jetty-util-6.1.26.jar
7f9548e61000-7f9548e68000 r--s 0007c000 08:01 1318908                    /usr/share/java/jetty-6.1.26.jar
7f9548e68000-7f9548e6a000 r--s 00009000 08:01 1319325                    /usr/share/java/gradle-jetty-2.10.jar
7f9548e6a000-7f9548e70000 r--s 00037000 08:01 1319303                    /usr/share/java/gradle-code-quality-2.10.jar
7f9548e70000-7f9548e72000 r--s 0000a000 08:01 1318701                    /usr/share/java/commons-cli-1.3.1.jar
7f9548e72000-7f9548e75000 r--s 0000d000 08:01 1314763                    /usr/share/java/jcommander.jar
7f9548e75000-7f9548e83000 r--s 000c8000 08:01 1317940                    /usr/share/java/testng.jar
7f9548e83000-7f9548e85000 r--s 0000a000 08:01 1318671                    /usr/share/java/hamcrest-core-1.3.jar
7f9548e85000-7f9548e8d000 r--s 00045000 08:01 1318681                    /usr/share/java/junit4-4.12.jar
7f9548e8d000-7f9548e99000 r--s 00073000 08:01 1319320                    /usr/share/java/gradle-plugins-2.10.jar
7f9548e99000-7f9548ea0000 r--s 00044000 08:01 1318758                    /usr/share/java/httpcore.jar
7f9548ea0000-7f9548ea6000 r--s 0005b000 08:01 1318767                    /usr/share/java/jcifs-1.3.18.jar
7f9548ea6000-7f9548ead000 r--s 00040000 08:01 1318755                    /usr/share/java/commons-codec-1.10.jar
7f9548ead000-7f9548eb6000 r--s 00031000 08:01 1318814                    /usr/share/java/xml-apis-1.4.01.jar
7f9548eb6000-7f9548eb8000 r--s 00015000 08:01 1318811                    /usr/share/java/xml-resolver-1.2.jar
7f9548eb8000-7f9548ebd000 r--s 00010000 08:01 1318813                    /usr/share/java/xml-apis-ext-1.4.01.jar
7f9548ebd000-7f9548ed6000 r--s 00132000 08:01 1318820                    /usr/share/java/xercesImpl-2.11.0.jar
7f9548ed6000-7f9548ed9000 r--s 0001c000 08:01 1318824                    /usr/share/java/nekohtml-1.9.22.jar
7f9548ed9000-7f9548ee6000 r--s 000a5000 08:01 1318762                    /usr/share/java/httpclient.jar
7f9548ee6000-7f9548ee8000 r--s 00009000 08:01 1319340                    /usr/share/java/gradle-resources-http-2.10.jar
7f9548ee8000-7f9548eeb000 r--s 00011000 08:01 1319324                    /usr/share/java/gradle-plugin-use-2.10.jar
7f9548eeb000-7f9548eee000 r--s 00032000 08:01 1319024                    /usr/share/java/plexus-utils-1.5.15.jar
7f9548eee000-7f9548ef0000 r--s 00000000 08:01 1319103                    /usr/share/java/plexus-component-annotations-1.5.jar
7f9548ef0000-7f9548ef2000 r--s 0000a000 08:01 1319209                    /usr/share/java/maven3-plugin-api-3.3.9.jar
7f9548ef2000-7f9548ef9000 r--s 0005d000 08:01 1319071                    /usr/share/java/commons-lang3.jar
7f9548ef9000-7f9548efe000 r--s 00025000 08:01 1319213                    /usr/share/java/maven3-model-builder-3.3.9.jar
7f9548efe000-7f9548eff000 r--s 00006000 08:01 1319125                    /usr/share/java/plexus-sec-dispatcher.jar
7f9548eff000-7f9548f01000 r--s 0000e000 08:01 1319022                    /usr/share/java/plexus-interpolation.jar
7f9548f01000-7f9548f03000 r--s 0000d000 08:01 1319216                    /usr/share/java/maven3-aether-provider-3.3.9.jar
7f9548f03000-7f9548f04000 r--s 00006000 08:01 1319212                    /usr/share/java/maven3-repository-metadata-3.3.9.jar
7f9548f04000-7f9548f07000 r--s 0000a000 08:01 1319219                    /usr/share/java/maven3-artifact-3.3.9.jar
7f9548f07000-7f9548f0c000 r--s 0001d000 08:01 1319059                    /usr/share/java/eclipse-aether-api.jar
7f9548f0c000-7f9548f0d000 r--s 00001000 08:01 1319191                    /usr/share/java/wagon-file-2.x.jar
7f9548f0d000-7f9548f0f000 r--s 00001000 08:01 1319218                    /usr/share/java/maven3-builder-support-3.3.9.jar
7f9548f0f000-7f9548f12000 r--s 00007000 08:01 1319217                    /usr/share/java/maven3-settings-builder-3.3.9.jar
7f9548f12000-7f9548f19000 r--s 00041000 08:01 1319210                    /usr/share/java/maven3-compat-3.3.9.jar
7f9548f19000-7f9548f1d000 r--s 00020000 08:01 1319060                    /usr/share/java/eclipse-aether-util.jar
7f9548f1d000-7f9548f1f000 r--s 00027000 08:01 1319215                    /usr/share/java/maven3-model-3.3.9.jar
7f9548f1f000-7f9548f20000 r--s 00006000 08:01 1319193                    /usr/share/java/wagon-http-2.x.jar
7f9548f20000-7f9548f21000 r--s 0000a000 08:01 1319208                    /usr/share/java/maven3-settings-3.3.9.jar
7f9548f21000-7f9548f28000 r--s 0002f000 08:01 1319101                    /usr/share/java/plexus-container-default-1.5.jar
7f9548f28000-7f9548f2a000 r--s 0000b000 08:01 1319013                    /usr/share/java/plexus-classworlds.jar
7f9548f2a000-7f9548f2c000 r--s 00002000 08:01 1319095                    /usr/share/java/plexus-cipher.jar
7f9548f2c000-7f9548f2e000 r--s 0000a000 08:01 1319192                    /usr/share/java/wagon-provider-api-2.x.jar
7f9548f2e000-7f9548f32000 r--s 00027000 08:01 1319052                    /usr/share/java/eclipse-aether-impl.jar
7f9548f32000-7f9548f72000 r--s 0024e000 08:01 1318895                    /usr/share/java/bcprov-1.51.jar
7f9548f72000-7f9548f7f000 r--s 0008d000 08:01 1319211                    /usr/share/java/maven3-core-3.3.9.jar
7f9548f7f000-7f9548f94000 r--s 00124000 08:01 1318669                    /usr/share/java/ivy-2.3.0.jar
7f9548f94000-7f9548faf000 r--s 000c9000 08:01 1319330                    /usr/share/java/gradle-dependency-management-2.10.jar
7f9548faf000-7f9548fb8000 r-xp 00000000 08:01 921137                     /usr/lib/jvm/java-8-openjdk-amd64/jre/lib/amd64/libmanagement.so
7f9548fb8000-7f95491b7000 ---p 00009000 08:01 921137                     /usr/lib/jvm/java-8-openjdk-amd64/jre/lib/amd64/libmanagement.so
7f95491b7000-7f95491b8000 r--p 00008000 08:01 921137                     /usr/lib/jvm/java-8-openjdk-amd64/jre/lib/amd64/libmanagement.so
7f95491b8000-7f95491b9000 rw-p 00009000 08:01 921137                     /usr/lib/jvm/java-8-openjdk-amd64/jre/lib/amd64/libmanagement.so
7f95491b9000-7f95491de000 r-xp 00000000 08:01 3937781                    /lib/x86_64-linux-gnu/libtinfo.so.5.9
7f95491de000-7f95493dd000 ---p 00025000 08:01 3937781                    /lib/x86_64-linux-gnu/libtinfo.so.5.9
7f95493dd000-7f95493e1000 r--p 00024000 08:01 3937781                    /lib/x86_64-linux-gnu/libtinfo.so.5.9
7f95493e1000-7f95493e2000 rw-p 00028000 08:01 3937781                    /lib/x86_64-linux-gnu/libtinfo.so.5.9
7f95493e2000-7f95493e3000 r--s 00001000 08:01 1319198                    /usr/share/java/wagon-http-shared-2.x.jar
7f95493e3000-7f95493e4000 r--s 00008000 08:01 1319055                    /usr/share/java/eclipse-aether-connector-basic.jar
7f95493e4000-7f95493e6000 r--s 00006000 08:01 1319057                    /usr/share/java/eclipse-aether-spi.jar
7f95493e6000-7f95493ea000 r--s 00040000 08:01 1318775                    /usr/share/java/jsch-0.1.53.jar
7f95493ea000-7f95493ee000 r--s 0001f000 08:01 1318836                    /usr/share/java/xbean-reflect.jar
7f95493ee000-7f95493f3000 r--s 0002e000 08:01 1318901                    /usr/share/java/gson.jar
7f95493f3000-7f95493f8000 r--s 000a3000 08:01 921100                     /usr/lib/jvm/java-8-openjdk-amd64/jre/lib/jsse.jar
7f95493f8000-7f95493ff000 r--s 00000000 08:01 1182122                    /usr/lib/x86_64-linux-gnu/gconv/gconv-modules.cache
7f95493ff000-7f9549402000 r-xp 00000000 08:01 934252                     /usr/lib/jni/libnative-platform-curses.so
7f9549402000-7f9549601000 ---p 00003000 08:01 934252                     /usr/lib/jni/libnative-platform-curses.so
7f9549601000-7f9549602000 r--p 00002000 08:01 934252                     /usr/lib/jni/libnative-platform-curses.so
7f9549602000-7f9549603000 rw-p 00003000 08:01 934252                     /usr/lib/jni/libnative-platform-curses.so
7f9549603000-7f9549606000 r-xp 00000000 08:01 934253                     /usr/lib/jni/libnative-platform.so
7f9549606000-7f9549805000 ---p 00003000 08:01 934253                     /usr/lib/jni/libnative-platform.so
7f9549805000-7f9549806000 r--p 00002000 08:01 934253                     /usr/lib/jni/libnative-platform.so
7f9549806000-7f9549807000 rw-p 00003000 08:01 934253                     /usr/lib/jni/libnative-platform.so
7f9549807000-7f9549808000 r--s 00006000 08:01 1318859                    /usr/share/java/gradle-wrapper-2.10.jar
7f9549808000-7f9549814000 r--s 0003a000 08:01 1318863                    /usr/share/java/gradle-tooling-api-2.10.jar
7f9549814000-7f9549816000 r--s 00002000 08:01 1318853                    /usr/share/java/gradle-open-api-2.10.jar
7f9549816000-7f954981c000 r--s 00031000 08:01 1318879                    /usr/share/java/jaxen-1.1.6.jar
7f954981c000-7f9549821000 r--s 0003f000 08:01 1318884                    /usr/share/java/dom4j-1.6.1.jar
7f9549821000-7f954982c000 r--s 00059000 08:01 1319378                    /usr/share/java/gradle-ui-2.10.jar
7f954982c000-7f954982f000 r--s 00008000 08:01 1318861                    /usr/share/java/gradle-resources-2.10.jar
7f954982f000-7f9549838000 r--s 0003f000 08:01 1318858                    /usr/share/java/gradle-messaging-2.10.jar
7f9549838000-7f954983a000 r--s 00008000 08:01 1318856                    /usr/share/java/gradle-native-2.10.jar
7f954983a000-7f954983c000 r--s 00005000 08:01 1318854                    /usr/share/java/gradle-cli-2.10.jar
7f954983c000-7f954983d000 r--s 00007000 08:01 1318852                    /usr/share/java/gradle-model-groovy-2.10.jar
7f954983d000-7f954983f000 r--s 00005000 08:01 1318857                    /usr/share/java/gradle-base-services-groovy-2.10.jar
7f954983f000-7f954984d000 r--s 00072000 08:01 1318855                    /usr/share/java/gradle-model-core-2.10.jar
7f954984d000-7f954984e000 r--s 00000000 08:01 1318860                    /usr/share/java/gradle-docs-2.10.jar
7f954984e000-7f9549855000 r--s 00034000 08:01 1318862                    /usr/share/java/gradle-base-services-2.10.jar
7f9549855000-7f954988c000 r--s 001bb000 08:01 1318851                    /usr/share/java/gradle-core-2.10.jar
7f954988c000-7f9549896000 r--s 0004a000 08:01 1319379                    /usr/share/java/gradle-launcher-2.10.jar
7f9549896000-7f9549897000 r--s 00004000 08:01 1318558                    /usr/share/java/ant-launcher-1.9.6.jar
7f9549897000-7f95498b6000 r--s 001d3000 08:01 1318557                    /usr/share/java/ant-1.9.6.jar
7f95498b6000-7f95498bd000 r--s 00034000 08:01 1318862                    /usr/share/java/gradle-base-services-2.10.jar
7f95498bd000-7f95498bf000 r--s 00004000 08:01 1318792                    /usr/share/java/log4j-over-slf4j.jar
7f95498bf000-7f95498c1000 r--s 00000000 08:01 1318785                    /usr/share/java/jul-to-slf4j.jar
7f95498c1000-7f95498c3000 r--s 00003000 08:01 1318786                    /usr/share/java/jcl-over-slf4j.jar
7f95498c3000-7f95498c7000 r--s 0001c000 08:01 1318765                    /usr/share/java/jarjar-1.4-SNAPSHOT.jar
7f95498c7000-7f95498ca000 r--s 00008000 08:01 1318861                    /usr/share/java/gradle-resources-2.10.jar
7f95498ca000-7f95498cd000 r--s 0000c000 08:01 1318809                    /usr/share/java/native-platform-0.10.jar
7f95498cd000-7f95498d1000 r--s 00024000 08:01 1318773                    /usr/share/java/jna-4.2.2.jar
7f95498d1000-7f95498d2000 r--s 00003000 08:01 1318709                    /usr/share/java/hawtjni-runtime-1.10.jar
7f95498d2000-7f95498d3000 r--s 00001000 08:01 1318712                    /usr/share/java/jansi-native-1.0.jar
7f95498d3000-7f95498d4000 r--s 00005000 08:01 1318715                    /usr/share/java/jansi-1.4.jar
7f95498d4000-7f95498d6000 r--s 00008000 08:01 1318856                    /usr/share/java/gradle-native-2.10.jar
7f95498d6000-7f95498d7000 r--s 00007000 08:01 1318852                    /usr/share/java/gradle-model-groovy-2.10.jar
7f95498d7000-7f95498d8000 r--s 00000000 08:01 1318770                    /usr/share/java/jcip-annotations-1.0.jar
7f95498d8000-7f95498e6000 r--s 00072000 08:01 1318855                    /usr/share/java/gradle-model-core-2.10.jar
7f95498e6000-7f95498e8000 r--s 0000c000 08:01 1318690                    /usr/share/java/asm4-5.0.4.jar
7f95498e8000-7f95498e9000 r--s 00003000 08:01 1318781                    /usr/share/java/reflectasm-1.05.jar
7f95498e9000-7f95498eb000 r--s 0000a000 08:01 1318779                    /usr/share/java/objenesis.jar
7f95498eb000-7f95498ec000 r--s 00000000 08:01 1318777                    /usr/share/java/minlog-1.2.jar
7f95498ec000-7f95498f0000 r--s 00026000 08:01 1318783                    /usr/share/java/kryo-2.20.jar
7f95498f0000-7f95498f9000 r--s 0003f000 08:01 1318858                    /usr/share/java/gradle-messaging-2.10.jar
7f95498f9000-7f95498fa000 r--s 00000000 08:01 1318860                    /usr/share/java/gradle-docs-2.10.jar
7f95498fa000-7f95498fc000 r--s 00005000 08:01 1318854                    /usr/share/java/gradle-cli-2.10.jar
7f95498fc000-7f954996c000 r--s 0063f000 08:01 1318736                    /usr/share/java/groovy-all-2.x.jar
7f954996c000-7f954996e000 r--s 00007000 08:01 1318791                    /usr/share/java/slf4j-api.jar
7f954996e000-7f954999a000 r--s 00208000 08:01 1318753                    /usr/share/java/guava.jar
7f954999a000-7f95499a1000 r--s 00034000 08:01 1318862                    /usr/share/java/gradle-base-services-2.10.jar
7f95499a1000-7f95499a3000 r--s 00005000 08:01 1318857                    /usr/share/java/gradle-base-services-groovy-2.10.jar
7f95499a3000-7f95499b0000 r--s 00080000 08:01 1318743                    /usr/share/java/commons-collections3-3.2.2.jar
7f95499b0000-7f95499cf000 r--s 001d3000 08:01 1318557                    /usr/share/java/ant-1.9.6.jar
7f95499cf000-7f9549a06000 r--s 001bb000 08:01 1318851                    /usr/share/java/gradle-core-2.10.jar
7f9549a06000-7f9549a1d000 r-xp 00000000 08:01 921132                     /usr/lib/jvm/java-8-openjdk-amd64/jre/lib/amd64/libnet.so
7f9549a1d000-7f9549c1c000 ---p 00017000 08:01 921132                     /usr/lib/jvm/java-8-openjdk-amd64/jre/lib/amd64/libnet.so
7f9549c1c000-7f9549c1d000 r--p 00016000 08:01 921132                     /usr/lib/jvm/java-8-openjdk-amd64/jre/lib/amd64/libnet.so
7f9549c1d000-7f9549c1e000 rw-p 00017000 08:01 921132                     /usr/lib/jvm/java-8-openjdk-amd64/jre/lib/amd64/libnet.so
7f9549c1e000-7f9549c2f000 r-xp 00000000 08:01 921138                     /usr/lib/jvm/java-8-openjdk-amd64/jre/lib/amd64/libnio.so
7f9549c2f000-7f9549e2f000 ---p 00011000 08:01 921138                     /usr/lib/jvm/java-8-openjdk-amd64/jre/lib/amd64/libnio.so
7f9549e2f000-7f9549e30000 r--p 00011000 08:01 921138                     /usr/lib/jvm/java-8-openjdk-amd64/jre/lib/amd64/libnio.so
7f9549e30000-7f9549e31000 rw-p 00012000 08:01 921138                     /usr/lib/jvm/java-8-openjdk-amd64/jre/lib/amd64/libnio.so
7f9549e31000-7f9549e32000 ---p 00000000 00:00 0 
7f9549e32000-7f9549f32000 rw-p 00000000 00:00 0 
7f9549f32000-7f9549f35000 ---p 00000000 00:00 0 
7f9549f35000-7f954a033000 rw-p 00000000 00:00 0 
7f954a033000-7f954a036000 ---p 00000000 00:00 0 
7f954a036000-7f954a134000 rw-p 00000000 00:00 0 
7f954a134000-7f954a137000 ---p 00000000 00:00 0 
7f954a137000-7f954a235000 rw-p 00000000 00:00 0 
7f954a235000-7f954a238000 ---p 00000000 00:00 0 
7f954a238000-7f954a336000 rw-p 00000000 00:00 0 
7f954a336000-7f954acf5000 r--p 00000000 08:01 925460                     /usr/lib/locale/locale-archive
7f954acf5000-7f954acf8000 ---p 00000000 00:00 0 
7f954acf8000-7f954adf6000 rw-p 00000000 00:00 0 
7f954adf6000-7f954adf9000 ---p 00000000 00:00 0 
7f954adf9000-7f954aef7000 rw-p 00000000 00:00 0 
7f954aef7000-7f954aef8000 ---p 00000000 00:00 0 
7f954aef8000-7f954c000000 rw-p 00000000 00:00 0 
7f954c000000-7f954c043000 rw-p 00000000 00:00 0 
7f954c043000-7f9550000000 ---p 00000000 00:00 0 
7f9550000000-7f9550005000 r--s 00040000 08:01 1318749                    /usr/share/java/commons-lang-2.6.jar
7f9550005000-7f9550009000 r--s 00027000 08:01 1318747                    /usr/share/java/commons-io-2.4.jar
7f9550009000-7f955000f000 r--s 0003b000 08:01 1318688                    /usr/share/java/asm4-all-5.0.4.jar
7f955000f000-7f9550019000 r--s 0004a000 08:01 1319379                    /usr/share/java/gradle-launcher-2.10.jar
7f9550019000-7f9550034000 r--s 00394000 08:01 921110                     /usr/lib/jvm/java-8-openjdk-amd64/jre/lib/ext/cldrdata.jar
7f9550034000-7f955004f000 r--s 001d6000 08:01 921111                     /usr/lib/jvm/java-8-openjdk-amd64/jre/lib/ext/nashorn.jar
7f955004f000-7f9551000000 rw-p 00000000 00:00 0 
7f9551000000-7f9551630000 rwxp 00000000 00:00 0 
7f9551630000-7f9560000000 ---p 00000000 00:00 0 
7f9560000000-7f9561a15000 rw-p 00000000 00:00 0 
7f9561a15000-7f9564000000 ---p 00000000 00:00 0 
7f9564000000-7f9564001000 r--s 00000000 08:01 1318740                    /usr/share/java/atinject-jsr330-api-1.0.jar
7f9564001000-7f9564002000 r--s 00004000 08:01 1318558                    /usr/share/java/ant-launcher-1.9.6.jar
7f9564002000-7f9564003000 r--s 00010000 08:01 921108                     /usr/lib/jvm/java-8-openjdk-amd64/jre/lib/ext/zipfs.jar
7f9564003000-7f9564006000 r--s 0000f000 08:01 921109                     /usr/lib/jvm/java-8-openjdk-amd64/jre/lib/ext/icedtea-sound.jar
7f9564006000-7f9564197000 rw-p 00000000 00:00 0 
7f9564197000-7f9564367000 r--s 03c5f000 08:01 921097                     /usr/lib/jvm/java-8-openjdk-amd64/jre/lib/rt.jar
7f9564367000-7f9564531000 rw-p 00000000 00:00 0 
7f9564531000-7f9564532000 ---p 00000000 00:00 0 
7f9564532000-7f9564632000 rw-p 00000000 00:00 0 
7f9564632000-7f9564633000 ---p 00000000 00:00 0 
7f9564633000-7f956473e000 rw-p 00000000 00:00 0 
7f956473e000-7f95647d9000 ---p 00000000 00:00 0 
7f95647d9000-7f9564801000 rw-p 00000000 00:00 0 
7f9564801000-7f956482c000 ---p 00000000 00:00 0 
7f956482c000-7f9564846000 rw-p 00000000 00:00 0 
7f9564846000-7f9564bed000 ---p 00000000 00:00 0 
7f9564bed000-7f9564bf5000 r-xp 00000000 08:01 921133                     /usr/lib/jvm/java-8-openjdk-amd64/jre/lib/amd64/libzip.so
7f9564bf5000-7f9564df4000 ---p 00008000 08:01 921133                     /usr/lib/jvm/java-8-openjdk-amd64/jre/lib/amd64/libzip.so
7f9564df4000-7f9564df5000 r--p 00007000 08:01 921133                     /usr/lib/jvm/java-8-openjdk-amd64/jre/lib/amd64/libzip.so
7f9564df5000-7f9564df6000 rw-p 00008000 08:01 921133                     /usr/lib/jvm/java-8-openjdk-amd64/jre/lib/amd64/libzip.so
7f9564df6000-7f9564e01000 r-xp 00000000 08:01 3937708                    /lib/x86_64-linux-gnu/libnss_files-2.23.so
7f9564e01000-7f9565000000 ---p 0000b000 08:01 3937708                    /lib/x86_64-linux-gnu/libnss_files-2.23.so
7f9565000000-7f9565001000 r--p 0000a000 08:01 3937708                    /lib/x86_64-linux-gnu/libnss_files-2.23.so
7f9565001000-7f9565002000 rw-p 0000b000 08:01 3937708                    /lib/x86_64-linux-gnu/libnss_files-2.23.so
7f9565002000-7f9565008000 rw-p 00000000 00:00 0 
7f9565008000-7f9565013000 r-xp 00000000 08:01 3937718                    /lib/x86_64-linux-gnu/libnss_nis-2.23.so
7f9565013000-7f9565212000 ---p 0000b000 08:01 3937718                    /lib/x86_64-linux-gnu/libnss_nis-2.23.so
7f9565212000-7f9565213000 r--p 0000a000 08:01 3937718                    /lib/x86_64-linux-gnu/libnss_nis-2.23.so
7f9565213000-7f9565214000 rw-p 0000b000 08:01 3937718                    /lib/x86_64-linux-gnu/libnss_nis-2.23.so
7f9565214000-7f956522a000 r-xp 00000000 08:01 3937702                    /lib/x86_64-linux-gnu/libnsl-2.23.so
7f956522a000-7f9565429000 ---p 00016000 08:01 3937702                    /lib/x86_64-linux-gnu/libnsl-2.23.so
7f9565429000-7f956542a000 r--p 00015000 08:01 3937702                    /lib/x86_64-linux-gnu/libnsl-2.23.so
7f956542a000-7f956542b000 rw-p 00016000 08:01 3937702                    /lib/x86_64-linux-gnu/libnsl-2.23.so
7f956542b000-7f956542d000 rw-p 00000000 00:00 0 
7f956542d000-7f9565435000 r-xp 00000000 08:01 3937704                    /lib/x86_64-linux-gnu/libnss_compat-2.23.so
7f9565435000-7f9565634000 ---p 00008000 08:01 3937704                    /lib/x86_64-linux-gnu/libnss_compat-2.23.so
7f9565634000-7f9565635000 r--p 00007000 08:01 3937704                    /lib/x86_64-linux-gnu/libnss_compat-2.23.so
7f9565635000-7f9565636000 rw-p 00008000 08:01 3937704                    /lib/x86_64-linux-gnu/libnss_compat-2.23.so
7f9565636000-7f956565f000 r-xp 00000000 08:01 921526                     /usr/lib/jvm/java-8-openjdk-amd64/jre/lib/amd64/libjava.so
7f956565f000-7f956585f000 ---p 00029000 08:01 921526                     /usr/lib/jvm/java-8-openjdk-amd64/jre/lib/amd64/libjava.so
7f956585f000-7f9565860000 r--p 00029000 08:01 921526                     /usr/lib/jvm/java-8-openjdk-amd64/jre/lib/amd64/libjava.so
7f9565860000-7f9565862000 rw-p 0002a000 08:01 921526                     /usr/lib/jvm/java-8-openjdk-amd64/jre/lib/amd64/libjava.so
7f9565862000-7f9565871000 r-xp 00000000 08:01 921139                     /usr/lib/jvm/java-8-openjdk-amd64/jre/lib/amd64/libverify.so
7f9565871000-7f9565a70000 ---p 0000f000 08:01 921139                     /usr/lib/jvm/java-8-openjdk-amd64/jre/lib/amd64/libverify.so
7f9565a70000-7f9565a72000 r--p 0000e000 08:01 921139                     /usr/lib/jvm/java-8-openjdk-amd64/jre/lib/amd64/libverify.so
7f9565a72000-7f9565a73000 rw-p 00010000 08:01 921139                     /usr/lib/jvm/java-8-openjdk-amd64/jre/lib/amd64/libverify.so
7f9565a73000-7f9565a7a000 r-xp 00000000 08:01 3937763                    /lib/x86_64-linux-gnu/librt-2.23.so
7f9565a7a000-7f9565c79000 ---p 00007000 08:01 3937763                    /lib/x86_64-linux-gnu/librt-2.23.so
7f9565c79000-7f9565c7a000 r--p 00006000 08:01 3937763                    /lib/x86_64-linux-gnu/librt-2.23.so
7f9565c7a000-7f9565c7b000 rw-p 00007000 08:01 3937763                    /lib/x86_64-linux-gnu/librt-2.23.so
7f9565c7b000-7f9565c91000 r-xp 00000000 08:01 3937647                    /lib/x86_64-linux-gnu/libgcc_s.so.1
7f9565c91000-7f9565e90000 ---p 00016000 08:01 3937647                    /lib/x86_64-linux-gnu/libgcc_s.so.1
7f9565e90000-7f9565e91000 rw-p 00015000 08:01 3937647                    /lib/x86_64-linux-gnu/libgcc_s.so.1
7f9565e91000-7f9565f99000 r-xp 00000000 08:01 3937679                    /lib/x86_64-linux-gnu/libm-2.23.so
7f9565f99000-7f9566198000 ---p 00108000 08:01 3937679                    /lib/x86_64-linux-gnu/libm-2.23.so
7f9566198000-7f9566199000 r--p 00107000 08:01 3937679                    /lib/x86_64-linux-gnu/libm-2.23.so
7f9566199000-7f956619a000 rw-p 00108000 08:01 3937679                    /lib/x86_64-linux-gnu/libm-2.23.so
7f956619a000-7f956630c000 r-xp 00000000 08:01 919554                     /usr/lib/x86_64-linux-gnu/libstdc++.so.6.0.21
7f956630c000-7f956650c000 ---p 00172000 08:01 919554                     /usr/lib/x86_64-linux-gnu/libstdc++.so.6.0.21
7f956650c000-7f9566516000 r--p 00172000 08:01 919554                     /usr/lib/x86_64-linux-gnu/libstdc++.so.6.0.21
7f9566516000-7f9566518000 rw-p 0017c000 08:01 919554                     /usr/lib/x86_64-linux-gnu/libstdc++.so.6.0.21
7f9566518000-7f956651c000 rw-p 00000000 00:00 0 
7f956651c000-7f9567182000 r-xp 00000000 08:01 921383                     /usr/lib/jvm/java-8-openjdk-amd64/jre/lib/amd64/server/libjvm.so
7f9567182000-7f9567382000 ---p 00c66000 08:01 921383                     /usr/lib/jvm/java-8-openjdk-amd64/jre/lib/amd64/server/libjvm.so
7f9567382000-7f9567416000 r--p 00c66000 08:01 921383                     /usr/lib/jvm/java-8-openjdk-amd64/jre/lib/amd64/server/libjvm.so
7f9567416000-7f956743f000 rw-p 00cfa000 08:01 921383                     /usr/lib/jvm/java-8-openjdk-amd64/jre/lib/amd64/server/libjvm.so
7f956743f000-7f956746f000 rw-p 00000000 00:00 0 
7f956746f000-7f9567487000 r-xp 00000000 08:01 3937755                    /lib/x86_64-linux-gnu/libpthread-2.23.so
7f9567487000-7f9567686000 ---p 00018000 08:01 3937755                    /lib/x86_64-linux-gnu/libpthread-2.23.so
7f9567686000-7f9567687000 r--p 00017000 08:01 3937755                    /lib/x86_64-linux-gnu/libpthread-2.23.so
7f9567687000-7f9567688000 rw-p 00018000 08:01 3937755                    /lib/x86_64-linux-gnu/libpthread-2.23.so
7f9567688000-7f956768c000 rw-p 00000000 00:00 0 
7f956768c000-7f956768f000 r-xp 00000000 08:01 3937633                    /lib/x86_64-linux-gnu/libdl-2.23.so
7f956768f000-7f956788e000 ---p 00003000 08:01 3937633                    /lib/x86_64-linux-gnu/libdl-2.23.so
7f956788e000-7f956788f000 r--p 00002000 08:01 3937633                    /lib/x86_64-linux-gnu/libdl-2.23.so
7f956788f000-7f9567890000 rw-p 00003000 08:01 3937633                    /lib/x86_64-linux-gnu/libdl-2.23.so
7f9567890000-7f95678a9000 r-xp 00000000 08:01 3933229                    /lib/x86_64-linux-gnu/libz.so.1.2.8
7f95678a9000-7f9567aa8000 ---p 00019000 08:01 3933229                    /lib/x86_64-linux-gnu/libz.so.1.2.8
7f9567aa8000-7f9567aa9000 r--p 00018000 08:01 3933229                    /lib/x86_64-linux-gnu/libz.so.1.2.8
7f9567aa9000-7f9567aaa000 rw-p 00019000 08:01 3933229                    /lib/x86_64-linux-gnu/libz.so.1.2.8
7f9567aaa000-7f9567c6a000 r-xp 00000000 08:01 3937609                    /lib/x86_64-linux-gnu/libc-2.23.so
7f9567c6a000-7f9567e6a000 ---p 001c0000 08:01 3937609                    /lib/x86_64-linux-gnu/libc-2.23.so
7f9567e6a000-7f9567e6e000 r--p 001c0000 08:01 3937609                    /lib/x86_64-linux-gnu/libc-2.23.so
7f9567e6e000-7f9567e70000 rw-p 001c4000 08:01 3937609                    /lib/x86_64-linux-gnu/libc-2.23.so
7f9567e70000-7f9567e74000 rw-p 00000000 00:00 0 
7f9567e74000-7f9567e81000 r-xp 00000000 08:01 922233                     /usr/lib/jvm/java-8-openjdk-amd64/jre/lib/amd64/jli/libjli.so
7f9567e81000-7f9568081000 ---p 0000d000 08:01 922233                     /usr/lib/jvm/java-8-openjdk-amd64/jre/lib/amd64/jli/libjli.so
7f9568081000-7f9568082000 r--p 0000d000 08:01 922233                     /usr/lib/jvm/java-8-openjdk-amd64/jre/lib/amd64/jli/libjli.so
7f9568082000-7f9568083000 rw-p 0000e000 08:01 922233                     /usr/lib/jvm/java-8-openjdk-amd64/jre/lib/amd64/jli/libjli.so
7f9568083000-7f95680a9000 r-xp 00000000 08:01 3937581                    /lib/x86_64-linux-gnu/ld-2.23.so
7f95680a9000-7f95680ad000 r--s 0003a000 08:01 921107                     /usr/lib/jvm/java-8-openjdk-amd64/jre/lib/ext/sunpkcs11.jar
7f95680ad000-7f95680b7000 r--s 00116000 08:01 921106                     /usr/lib/jvm/java-8-openjdk-amd64/jre/lib/ext/localedata.jar
7f95680b7000-7f95680ea000 rw-p 00000000 00:00 0 
7f95680ea000-7f9568185000 ---p 00000000 00:00 0 
7f9568185000-7f9568188000 ---p 00000000 00:00 0 
7f9568188000-7f956828a000 rw-p 00000000 00:00 0 
7f956828a000-7f956828b000 r--s 0000a000 08:01 921105                     /usr/lib/jvm/java-8-openjdk-amd64/jre/lib/ext/jaccess.jar
7f956828b000-7f956828c000 r--s 0000d000 08:01 921102                     /usr/lib/jvm/java-8-openjdk-amd64/jre/lib/ext/sunec.jar
7f956828c000-7f9568291000 r--s 0003d000 08:01 921104                     /usr/lib/jvm/java-8-openjdk-amd64/jre/lib/ext/sunjce_provider.jar
7f9568291000-7f9568293000 r--s 00001000 08:01 921103                     /usr/lib/jvm/java-8-openjdk-amd64/jre/lib/ext/dnsns.jar
7f9568293000-7f956829d000 rw-p 00000000 00:00 0 
7f956829d000-7f95682a5000 rw-s 00000000 08:01 1853473                    /tmp/hsperfdata_yu/27282
7f95682a5000-7f95682a6000 rw-p 00000000 00:00 0 
7f95682a6000-7f95682a7000 ---p 00000000 00:00 0 
7f95682a7000-7f95682a8000 rw-p 00000000 00:00 0 
7f95682a8000-7f95682a9000 r--p 00025000 08:01 3937581                    /lib/x86_64-linux-gnu/ld-2.23.so
7f95682a9000-7f95682aa000 rw-p 00026000 08:01 3937581                    /lib/x86_64-linux-gnu/ld-2.23.so
7f95682aa000-7f95682ab000 rw-p 00000000 00:00 0 
7ffe1b902000-7ffe1b923000 rw-p 00000000 00:00 0                          [stack]
7ffe1b924000-7ffe1b927000 r--p 00000000 00:00 0                          [vvar]
7ffe1b927000-7ffe1b929000 r-xp 00000000 00:00 0                          [vdso]
ffffffffff600000-ffffffffff601000 r-xp 00000000 00:00 0                  [vsyscall]

VM Arguments:
jvm_args: -Dorg.gradle.appname=gradle 
java_command: org.gradle.launcher.GradleMain pregrade
java_class_path (initial): /usr/share/gradle/lib/gradle-launcher-2.10.jar
Launcher Type: SUN_STANDARD

Environment Variables:
PATH=/home/yu/bin:/home/yu/.local/bin:/usr/local/sbin:/usr/local/bin:/usr/sbin:/usr/bin:/sbin:/bin:/usr/games:/usr/local/games:/snap/bin
SHELL=/bin/bash
DISPLAY=:0

Signal Handlers:
SIGSEGV: [libjvm.so+0xa7a0e0], sa_mask[0]=11111111011111111101111111111110, sa_flags=SA_RESTART|SA_SIGINFO
SIGBUS: [libjvm.so+0xa7a0e0], sa_mask[0]=11111111011111111101111111111110, sa_flags=SA_RESTART|SA_SIGINFO
SIGFPE: [libjvm.so+0x8c2e80], sa_mask[0]=11111111011111111101111111111110, sa_flags=SA_RESTART|SA_SIGINFO
SIGPIPE: [libjvm.so+0x8c2e80], sa_mask[0]=11111111011111111101111111111110, sa_flags=SA_RESTART|SA_SIGINFO
SIGXFSZ: [libjvm.so+0x8c2e80], sa_mask[0]=11111111011111111101111111111110, sa_flags=SA_RESTART|SA_SIGINFO
SIGILL: [libjvm.so+0x8c2e80], sa_mask[0]=11111111011111111101111111111110, sa_flags=SA_RESTART|SA_SIGINFO
SIGUSR1: SIG_DFL, sa_mask[0]=00000000000000000000000000000000, sa_flags=none
SIGUSR2: [libjvm.so+0x8c2d30], sa_mask[0]=00000000000000000000000000000000, sa_flags=SA_RESTART|SA_SIGINFO
SIGHUP: [libjvm.so+0x8c33c0], sa_mask[0]=11111111011111111101111111111110, sa_flags=SA_RESTART|SA_SIGINFO
SIGINT: [libjvm.so+0x8c33c0], sa_mask[0]=11111111011111111101111111111110, sa_flags=SA_RESTART|SA_SIGINFO
SIGTERM: [libjvm.so+0x8c33c0], sa_mask[0]=11111111011111111101111111111110, sa_flags=SA_RESTART|SA_SIGINFO
SIGQUIT: [libjvm.so+0x8c33c0], sa_mask[0]=11111111011111111101111111111110, sa_flags=SA_RESTART|SA_SIGINFO


---------------  S Y S T E M  ---------------

OS:DISTRIB_ID=Ubuntu
DISTRIB_RELEASE=16.04
DISTRIB_CODENAME=xenial
DISTRIB_DESCRIPTION="Ubuntu 16.04.6 LTS"

uname:Linux 4.15.0-74-generic #83~16.04.1-Ubuntu SMP Wed Dec 18 04:56:23 UTC 2019 x86_64
libc:glibc 2.23 NPTL 2.23 
rlimit: STACK 8192k, CORE 0k, NPROC 7712, NOFILE 1048576, AS infinity
load average:1.23 0.70 0.63

/proc/meminfo:
MemTotal:        2035460 kB
MemFree:           53260 kB
MemAvailable:       3804 kB
Buffers:             240 kB
Cached:            79400 kB
SwapCached:         1060 kB
Active:          1335196 kB
Inactive:         450684 kB
Active(anon):    1326552 kB
Inactive(anon):   442252 kB
Active(file):       8644 kB
Inactive(file):     8432 kB
Unevictable:          64 kB
Mlocked:              64 kB
SwapTotal:        998396 kB
SwapFree:              0 kB
Dirty:                64 kB
Writeback:            20 kB
AnonPages:       1705324 kB
Mapped:            65352 kB
Shmem:             62608 kB
Slab:              76116 kB
SReclaimable:      34420 kB
SUnreclaim:        41696 kB
KernelStack:       13456 kB
PageTables:        57956 kB
NFS_Unstable:          0 kB
Bounce:                0 kB
WritebackTmp:          0 kB
CommitLimit:     2016124 kB
Committed_AS:    8336320 kB
VmallocTotal:   34359738367 kB
VmallocUsed:           0 kB
VmallocChunk:          0 kB
HardwareCorrupted:     0 kB
AnonHugePages:         0 kB
ShmemHugePages:        0 kB
ShmemPmdMapped:        0 kB
CmaTotal:              0 kB
CmaFree:               0 kB
HugePages_Total:       0
HugePages_Free:        0
HugePages_Rsvd:        0
HugePages_Surp:        0
Hugepagesize:       2048 kB
DirectMap4k:      159664 kB
DirectMap2M:     1937408 kB

container (cgroup) information:
container_type: cgroupv1
cpu_cpuset_cpus: 0-1
cpu_memory_nodes: 0
active_processor_count: 2
cpu_quota: -1
cpu_period: 100000
cpu_shares: -1
memory_limit_in_bytes: -1
memory_and_swap_limit_in_bytes: -2
memory_soft_limit_in_bytes: -1
memory_usage_in_bytes: 1828061184
memory_max_usage_in_bytes: 0


CPU:total 2 (initial active 2) (2 cores per cpu, 1 threads per core) family 6 model 158 stepping 10, cmov, cx8, fxsr, mmx, sse, sse2, sse3, ssse3, sse4.1, sse4.2, popcnt, avx, avx2, aes, clmul, erms, 3dnowpref, lzcnt, tsc, tscinvbit, bmi1, bmi2, adx

/proc/cpuinfo:
processor	: 0
vendor_id	: GenuineIntel
cpu family	: 6
model		: 158
model name	: Intel(R) Core(TM) i7-8750H CPU @ 2.20GHz
stepping	: 10
microcode	: 0xc8
cpu MHz		: 2208.000
cache size	: 9216 KB
physical id	: 0
siblings	: 2
core id		: 0
cpu cores	: 2
apicid		: 0
initial apicid	: 0
fpu		: yes
fpu_exception	: yes
cpuid level	: 22
wp		: yes
flags		: fpu vme de pse tsc msr pae mce cx8 apic sep mtrr pge mca cmov pat pse36 clflush mmx fxsr sse sse2 ss ht syscall nx rdtscp lm constant_tsc nopl xtopology nonstop_tsc cpuid tsc_known_freq pni pclmulqdq ssse3 fma cx16 pcid sse4_1 sse4_2 x2apic movbe popcnt tsc_deadline_timer aes xsave avx f16c rdrand hypervisor lahf_lm abm 3dnowprefetch invpcid_single pti fsgsbase tsc_adjust bmi1 avx2 smep bmi2 invpcid mpx rdseed adx smap clflushopt xsaveopt xsavec xsaves dtherm arat pln pts
bugs		: cpu_meltdown spectre_v1 spectre_v2 spec_store_bypass l1tf mds swapgs itlb_multihit
bogomips	: 4416.00
clflush size	: 64
cache_alignment	: 64
address sizes	: 36 bits physical, 48 bits virtual
power management:

processor	: 1
vendor_id	: GenuineIntel
cpu family	: 6
model		: 158
model name	: Intel(R) Core(TM) i7-8750H CPU @ 2.20GHz
stepping	: 10
microcode	: 0xc8
cpu MHz		: 2208.000
cache size	: 9216 KB
physical id	: 0
siblings	: 2
core id		: 1
cpu cores	: 2
apicid		: 1
initial apicid	: 1
fpu		: yes
fpu_exception	: yes
cpuid level	: 22
wp		: yes
flags		: fpu vme de pse tsc msr pae mce cx8 apic sep mtrr pge mca cmov pat pse36 clflush mmx fxsr sse sse2 ss ht syscall nx rdtscp lm constant_tsc nopl xtopology nonstop_tsc cpuid tsc_known_freq pni pclmulqdq ssse3 fma cx16 pcid sse4_1 sse4_2 x2apic movbe popcnt tsc_deadline_timer aes xsave avx f16c rdrand hypervisor lahf_lm abm 3dnowprefetch invpcid_single pti fsgsbase tsc_adjust bmi1 avx2 smep bmi2 invpcid mpx rdseed adx smap clflushopt xsaveopt xsavec xsaves dtherm arat pln pts
bugs		: cpu_meltdown spectre_v1 spectre_v2 spec_store_bypass l1tf mds swapgs itlb_multihit
bogomips	: 4416.00
clflush size	: 64
cache_alignment	: 64
address sizes	: 36 bits physical, 48 bits virtual
power management:



Memory: 4k page, physical 2035460k(53532k free), swap 998396k(0k free)

vm_info: OpenJDK 64-Bit Server VM (25.232-b09) for linux-amd64 JRE (1.8.0_232-8u232-b09-0ubuntu1~16.04.1-b09), built on Oct 16 2019 22:12:35 by "buildd" with gcc 5.4.0 20160609

time: Mon Jan 27 15:25:20 2020
timezone: PST
elapsed time: 5 seconds (0d 0h 0m 5s)

